[2026-05-31 02:02:24] [INFO] === IMDb MongoDB query-plan runner started ===
[2026-05-31 02:02:24] [INFO] results_dir=<LOCAL_PROJECT_ROOT>/imdb/query_plan_full_by_groups/group_C_roles_sf025
[2026-05-31 02:02:24] [INFO] query_plan_only=True explain_verbosity=executionStats
[2026-05-31 02:02:24] [INFO] force_rebuild_scale_db=True row_limit=None batch_size=100000
[2026-05-31 02:02:24] [INFO] scale_label_filter=['sf0.25'] config_name_filter=None query_name_filter=['QG4_AllPersonsOfTypeForWatchItem', 'QG5_AllPersonsForEpisodesOfSeries']
[2026-05-31 02:02:24] [INFO] Selected experiments: 9
[2026-05-31 02:02:24] [INFO] Saved selected experiments summary: <LOCAL_PROJECT_ROOT>/imdb/query_plan_full_by_groups/group_C_roles_sf025/selected_experiments_summary.csv
[2026-05-31 02:02:24] [INFO]   - series_g7_sf0.25 | config=series_g7 | scale=sf0.25
[2026-05-31 02:02:24] [INFO]   - series_g8_sf0.25 | config=series_g8 | scale=sf0.25
[2026-05-31 02:02:24] [INFO]   - series_g9_sf0.25 | config=series_g9 | scale=sf0.25
[2026-05-31 02:02:24] [INFO]   - watchitem_g0_sf0.25 | config=watchitem_g0 | scale=sf0.25
[2026-05-31 02:02:24] [INFO]   - watchitem_g2_sf0.25 | config=watchitem_g2 | scale=sf0.25
[2026-05-31 02:02:24] [INFO]   - watchitem_g3_sf0.25 | config=watchitem_g3 | scale=sf0.25
[2026-05-31 02:02:24] [INFO]   - watchitem_g4_sf0.25 | config=watchitem_g4 | scale=sf0.25
[2026-05-31 02:02:24] [INFO]   - watchitem_g5_sf0.25 | config=watchitem_g5 | scale=sf0.25
[2026-05-31 02:02:24] [INFO]   - watchitem_g6_sf0.25 | config=watchitem_g6 | scale=sf0.25
[2026-05-31 02:02:24] [INFO] ######## START SCALE sf0.25 ########
[2026-05-31 02:02:24] [INFO] Opening DuckDB for sf0.25 from <LOCAL_PROJECT_ROOT>/imdb/data/sf_025
[2026-05-31 02:02:24] [INFO] Creating DuckDB view imdb_name_basics
[2026-05-31 02:02:24] [INFO] Creating DuckDB view imdb_title_akas
[2026-05-31 02:02:24] [INFO] Creating DuckDB view imdb_title_basics
[2026-05-31 02:02:24] [INFO] Creating DuckDB view imdb_title_crew
[2026-05-31 02:02:24] [INFO] Creating DuckDB view imdb_title_episode
[2026-05-31 02:02:24] [INFO] Creating DuckDB view imdb_title_principals
[2026-05-31 02:02:24] [INFO] Creating DuckDB view imdb_title_ratings
[2026-05-31 02:02:24] [INFO] Building query parameter pool for sf0.25
[2026-05-31 02:02:34] [INFO] Parameter pool ready for sf0.25
[2026-05-31 02:02:34] [INFO] Minimal base-load decision: queries=['QG4_AllPersonsOfTypeForWatchItem', 'QG5_AllPersonsForEpisodesOfSeries'] load_persons=True load_roles=True load_episodes=True
[2026-05-31 02:02:34] [INFO] === INITIALIZING EXECUTION DB imdb_exec_sf0_25 ===
[2026-05-31 02:02:34] [INFO] Removing Mongo database: imdb_exec_sf0_25
[2026-05-31 02:02:34] [INFO] [materialize:persons] start
[2026-05-31 02:02:35] [INFO] [materialize:persons] batch=1 batch_docs=100000 total_inserted=100000
[2026-05-31 02:03:14] [INFO] [materialize:persons] batch=20 batch_docs=100000 total_inserted=2000000
[2026-05-31 02:03:34] [INFO] [materialize:persons] completed total_inserted=2562129
[2026-05-31 02:03:34] [INFO] [materialize:roles] start
[2026-05-31 02:03:45] [INFO] [materialize:roles] batch=1 batch_docs=100000 total_inserted=100000
[2026-05-31 02:07:06] [INFO] [materialize:roles] batch=20 batch_docs=100000 total_inserted=2000000
[2026-05-31 02:10:36] [INFO] [materialize:roles] batch=40 batch_docs=100000 total_inserted=4000000
[2026-05-31 02:14:12] [INFO] [materialize:roles] batch=60 batch_docs=100000 total_inserted=6000000
[2026-05-31 02:17:47] [INFO] [materialize:roles] batch=80 batch_docs=100000 total_inserted=8000000
[2026-05-31 02:21:18] [INFO] [materialize:roles] batch=100 batch_docs=100000 total_inserted=10000000
[2026-05-31 02:24:46] [INFO] [materialize:roles] batch=120 batch_docs=100000 total_inserted=12000000
[2026-05-31 02:28:26] [INFO] [materialize:roles] batch=140 batch_docs=100000 total_inserted=14000000
[2026-05-31 02:32:02] [INFO] [materialize:roles] batch=160 batch_docs=100000 total_inserted=16000000
[2026-05-31 02:35:04] [INFO] [materialize:roles] completed total_inserted=16451315
[2026-05-31 02:35:04] [INFO] [materialize:episodes] start
[2026-05-31 02:35:07] [INFO] [materialize:episodes] batch=1 batch_docs=100000 total_inserted=100000
[2026-05-31 02:36:10] [INFO] [materialize:episodes] batch=20 batch_docs=100000 total_inserted=2000000
[2026-05-31 02:36:29] [INFO] [materialize:episodes] completed total_inserted=2294687
[2026-05-31 02:36:29] [INFO] [replace:watchitems] start config=watchitem_g0
[2026-05-31 02:36:37] [INFO] [materialize:watchitems] batch=1 batch_docs=100000 total_inserted=100000
[2026-05-31 02:39:27] [INFO] [materialize:watchitems] batch=20 batch_docs=100000 total_inserted=2000000
[2026-05-31 02:42:14] [INFO] [replace:watchitems] completed config=watchitem_g0 total_inserted=3119040
[2026-05-31 02:42:14] [INFO] [replace:series] start config=series_g7
[2026-05-31 02:43:44] [INFO] [materialize:series] batch=1 batch_docs=100000 total_inserted=100000
[2026-05-31 02:44:36] [INFO] [replace:series] completed config=series_g7 total_inserted=186514
[2026-05-31 02:44:36] [INFO] === EXECUTION DB READY imdb_exec_sf0_25 persons=2562129 roles=16451315 episodes=2294687 watchitems=3119040 series=186514 ===
[2026-05-31 02:44:36] [INFO] === QUERY PLAN START experiment_id=watchitem_g0_sf0.25 execution_db=imdb_exec_sf0_25 ===
[2026-05-31 02:44:36] [INFO] Explain plan rows for watchitem_g0_sf0.25: 2
[2026-05-31 02:44:36] [INFO] [explain-progress] experiment=watchitem_g0_sf0.25 row=1/2 query=QG4_AllPersonsOfTypeForWatchItem group=primary rep=1
[2026-05-31 02:44:36] [INFO] === QUERY PLAN COMPLETED experiment_id=watchitem_g0_sf0.25 rows=2 components=5 ===
[2026-05-31 02:44:36] [INFO] [replace:watchitems] start config=watchitem_g2
[2026-05-31 02:44:44] [INFO] [materialize:watchitems] batch=1 batch_docs=100000 total_inserted=100000
[2026-05-31 02:47:46] [INFO] [materialize:watchitems] batch=20 batch_docs=100000 total_inserted=2000000
[2026-05-31 02:50:39] [INFO] [replace:watchitems] completed config=watchitem_g2 total_inserted=3119040
[2026-05-31 02:50:39] [INFO] === QUERY PLAN START experiment_id=watchitem_g2_sf0.25 execution_db=imdb_exec_sf0_25 ===
[2026-05-31 02:50:39] [INFO] Explain plan rows for watchitem_g2_sf0.25: 2
[2026-05-31 02:50:39] [INFO] [explain-progress] experiment=watchitem_g2_sf0.25 row=1/2 query=QG4_AllPersonsOfTypeForWatchItem group=secondary_affected rep=1
[2026-05-31 02:50:39] [INFO] === QUERY PLAN COMPLETED experiment_id=watchitem_g2_sf0.25 rows=2 components=5 ===
[2026-05-31 02:50:39] [INFO] [replace:watchitems] start config=watchitem_g3
[2026-05-31 02:50:48] [INFO] [materialize:watchitems] batch=1 batch_docs=100000 total_inserted=100000
[2026-05-31 02:53:55] [INFO] [materialize:watchitems] batch=20 batch_docs=100000 total_inserted=2000000
[2026-05-31 02:56:53] [INFO] [replace:watchitems] completed config=watchitem_g3 total_inserted=3119040
[2026-05-31 02:56:53] [INFO] === QUERY PLAN START experiment_id=watchitem_g3_sf0.25 execution_db=imdb_exec_sf0_25 ===
[2026-05-31 02:56:53] [INFO] Explain plan rows for watchitem_g3_sf0.25: 2
[2026-05-31 02:56:53] [INFO] [explain-progress] experiment=watchitem_g3_sf0.25 row=1/2 query=QG4_AllPersonsOfTypeForWatchItem group=secondary_affected rep=1
[2026-05-31 02:56:53] [INFO] === QUERY PLAN COMPLETED experiment_id=watchitem_g3_sf0.25 rows=2 components=5 ===
[2026-05-31 02:56:53] [INFO] [replace:watchitems] start config=watchitem_g4
[2026-05-31 02:58:14] [INFO] [materialize:watchitems] batch=1 batch_docs=100000 total_inserted=100000
[2026-05-31 03:16:57] [INFO] [materialize:watchitems] batch=20 batch_docs=100000 total_inserted=2000000
[2026-05-31 03:20:47] [INFO] [replace:watchitems] completed config=watchitem_g4 total_inserted=3119040
[2026-05-31 03:20:47] [INFO] === QUERY PLAN START experiment_id=watchitem_g4_sf0.25 execution_db=imdb_exec_sf0_25 ===
[2026-05-31 03:20:47] [INFO] Explain plan rows for watchitem_g4_sf0.25: 2
[2026-05-31 03:20:47] [INFO] [explain-progress] experiment=watchitem_g4_sf0.25 row=1/2 query=QG4_AllPersonsOfTypeForWatchItem group=primary rep=1
[2026-05-31 03:20:47] [INFO] === QUERY PLAN COMPLETED experiment_id=watchitem_g4_sf0.25 rows=2 components=5 ===
[2026-05-31 03:20:47] [INFO] [replace:watchitems] start config=watchitem_g5
[2026-05-31 03:22:36] [INFO] [materialize:watchitems] batch=1 batch_docs=100000 total_inserted=100000
[2026-05-31 03:46:54] [INFO] [materialize:watchitems] batch=20 batch_docs=100000 total_inserted=2000000
[2026-05-31 03:50:56] [INFO] [replace:watchitems] completed config=watchitem_g5 total_inserted=3119040
[2026-05-31 03:50:56] [INFO] === QUERY PLAN START experiment_id=watchitem_g5_sf0.25 execution_db=imdb_exec_sf0_25 ===
[2026-05-31 03:50:56] [INFO] Explain plan rows for watchitem_g5_sf0.25: 2
[2026-05-31 03:50:56] [INFO] [explain-progress] experiment=watchitem_g5_sf0.25 row=1/2 query=QG4_AllPersonsOfTypeForWatchItem group=primary rep=1
[2026-05-31 03:50:56] [INFO] === QUERY PLAN COMPLETED experiment_id=watchitem_g5_sf0.25 rows=2 components=3 ===
[2026-05-31 03:50:56] [INFO] [replace:watchitems] start config=watchitem_g6
[2026-05-31 03:52:44] [INFO] [materialize:watchitems] batch=1 batch_docs=100000 total_inserted=100000
[2026-05-31 04:17:05] [INFO] [materialize:watchitems] batch=20 batch_docs=100000 total_inserted=2000000
[2026-05-31 04:21:05] [INFO] [replace:watchitems] completed config=watchitem_g6 total_inserted=3119040
[2026-05-31 04:21:05] [INFO] === QUERY PLAN START experiment_id=watchitem_g6_sf0.25 execution_db=imdb_exec_sf0_25 ===
[2026-05-31 04:21:05] [INFO] Explain plan rows for watchitem_g6_sf0.25: 2
[2026-05-31 04:21:05] [INFO] [explain-progress] experiment=watchitem_g6_sf0.25 row=1/2 query=QG4_AllPersonsOfTypeForWatchItem group=primary rep=1
[2026-05-31 04:21:05] [INFO] === QUERY PLAN COMPLETED experiment_id=watchitem_g6_sf0.25 rows=2 components=3 ===
[2026-05-31 04:21:05] [INFO] [replace:watchitems] start config=watchitem_g0
[2026-05-31 04:21:13] [INFO] [materialize:watchitems] batch=1 batch_docs=100000 total_inserted=100000
[2026-05-31 04:24:03] [INFO] [materialize:watchitems] batch=20 batch_docs=100000 total_inserted=2000000
[2026-05-31 04:26:50] [INFO] [replace:watchitems] completed config=watchitem_g0 total_inserted=3119040
[2026-05-31 04:26:50] [INFO] === QUERY PLAN START experiment_id=series_g7_sf0.25 execution_db=imdb_exec_sf0_25 ===
[2026-05-31 04:26:50] [INFO] Explain plan rows for series_g7_sf0.25: 2
[2026-05-31 04:26:50] [INFO] [explain-progress] experiment=series_g7_sf0.25 row=1/2 query=QG4_AllPersonsOfTypeForWatchItem group=control rep=1
[2026-05-31 04:26:50] [INFO] === QUERY PLAN COMPLETED experiment_id=series_g7_sf0.25 rows=2 components=5 ===
[2026-05-31 04:26:50] [INFO] [replace:series] start config=series_g8
[2026-05-31 04:28:22] [INFO] [materialize:series] batch=1 batch_docs=100000 total_inserted=100000
[2026-05-31 04:29:17] [INFO] [replace:series] completed config=series_g8 total_inserted=186514
[2026-05-31 04:29:17] [INFO] === QUERY PLAN START experiment_id=series_g8_sf0.25 execution_db=imdb_exec_sf0_25 ===
[2026-05-31 04:29:17] [INFO] Explain plan rows for series_g8_sf0.25: 2
[2026-05-31 04:29:17] [INFO] [explain-progress] experiment=series_g8_sf0.25 row=1/2 query=QG4_AllPersonsOfTypeForWatchItem group=control rep=1
[2026-05-31 04:29:17] [INFO] === QUERY PLAN COMPLETED experiment_id=series_g8_sf0.25 rows=2 components=5 ===
[2026-05-31 04:29:17] [INFO] [replace:series] start config=series_g9
[2026-05-31 04:30:50] [INFO] [materialize:series] batch=1 batch_docs=100000 total_inserted=100000
[2026-05-31 04:31:45] [INFO] [replace:series] completed config=series_g9 total_inserted=186514
[2026-05-31 04:31:45] [INFO] === QUERY PLAN START experiment_id=series_g9_sf0.25 execution_db=imdb_exec_sf0_25 ===
[2026-05-31 04:31:45] [INFO] Explain plan rows for series_g9_sf0.25: 2
[2026-05-31 04:31:45] [INFO] [explain-progress] experiment=series_g9_sf0.25 row=1/2 query=QG4_AllPersonsOfTypeForWatchItem group=control rep=1
[2026-05-31 04:31:45] [INFO] === QUERY PLAN COMPLETED experiment_id=series_g9_sf0.25 rows=2 components=5 ===
[2026-05-31 04:31:45] [INFO] ######## COMPLETED SCALE sf0.25 ########
[2026-05-31 04:31:45] [INFO] Saved initialization summary: <LOCAL_PROJECT_ROOT>/imdb/query_plan_full_by_groups/group_C_roles_sf025/scale_db_initialization_summary.csv
[2026-05-31 04:31:45] [INFO] Saved collection swap summary: <LOCAL_PROJECT_ROOT>/imdb/query_plan_full_by_groups/group_C_roles_sf025/collection_swap_summary.csv
[2026-05-31 04:31:45] [INFO] Saved query plan summary results: <LOCAL_PROJECT_ROOT>/imdb/query_plan_full_by_groups/group_C_roles_sf025/query_plan_summary_results.csv
[2026-05-31 04:31:45] [INFO] Saved query plan status summary: <LOCAL_PROJECT_ROOT>/imdb/query_plan_full_by_groups/group_C_roles_sf025/query_plan_status_summary.csv
[2026-05-31 04:31:45] [INFO] No failed query-plan rows detected.
[2026-05-31 04:31:45] [INFO] Saved query plan component results: <LOCAL_PROJECT_ROOT>/imdb/query_plan_full_by_groups/group_C_roles_sf025/query_plan_component_results.csv
[2026-05-31 04:31:45] [INFO] Saved run manifest: <LOCAL_PROJECT_ROOT>/imdb/query_plan_full_by_groups/group_C_roles_sf025/benchmark_run_manifest.json
[2026-05-31 04:31:45] [INFO] Done. Results in: <LOCAL_PROJECT_ROOT>/imdb/query_plan_full_by_groups/group_C_roles_sf025
