[2026-06-02 05:50:41] [INFO] === IMDb MongoDB query-plan runner started ===
[2026-06-02 05:50:41] [INFO] results_dir=/home/hudson/Documents/framework_test/imdb/query_plan_full_by_groups/group_C_qg5_sf1_assoc_only_with_episodes
[2026-06-02 05:50:41] [INFO] query_plan_only=True explain_verbosity=executionStats
[2026-06-02 05:50:41] [INFO] force_rebuild_scale_db=True row_limit=None batch_size=50000
[2026-06-02 05:50:41] [INFO] scale_label_filter=['sf1'] config_name_filter=['watchitem_g4', 'watchitem_g5', 'watchitem_g6'] query_name_filter=['QG5_AllPersonsForEpisodesOfSeries']
[2026-06-02 05:50:41] [INFO] Selected experiments: 3
[2026-06-02 05:50:41] [INFO] Saved selected experiments summary: /home/hudson/Documents/framework_test/imdb/query_plan_full_by_groups/group_C_qg5_sf1_assoc_only_with_episodes/selected_experiments_summary.csv
[2026-06-02 05:50:41] [INFO]   - watchitem_g4_sf1 | config=watchitem_g4 | scale=sf1
[2026-06-02 05:50:41] [INFO]   - watchitem_g5_sf1 | config=watchitem_g5 | scale=sf1
[2026-06-02 05:50:41] [INFO]   - watchitem_g6_sf1 | config=watchitem_g6 | scale=sf1
[2026-06-02 05:50:41] [INFO] ######## START SCALE sf1 ########
[2026-06-02 05:50:41] [INFO] Opening DuckDB for sf1 from /home/hudson/Documents/framework_test/imdb/data/sf_1
[2026-06-02 05:50:41] [INFO] Creating DuckDB view imdb_name_basics
[2026-06-02 05:50:41] [INFO] Creating DuckDB view imdb_title_akas
[2026-06-02 05:50:41] [INFO] Creating DuckDB view imdb_title_basics
[2026-06-02 05:50:41] [INFO] Creating DuckDB view imdb_title_crew
[2026-06-02 05:50:41] [INFO] Creating DuckDB view imdb_title_episode
[2026-06-02 05:50:41] [INFO] Creating DuckDB view imdb_title_principals
[2026-06-02 05:50:41] [INFO] Creating DuckDB view imdb_title_ratings
[2026-06-02 05:50:41] [INFO] Building query parameter pool for sf1
[2026-06-02 05:51:16] [INFO] Parameter pool ready for sf1
[2026-06-02 05:51:16] [INFO] Minimal base-load decision: queries=['QG5_AllPersonsForEpisodesOfSeries'] load_persons=False load_roles=False load_episodes=True
[2026-06-02 05:51:16] [INFO] === INITIALIZING EXECUTION DB imdb_exec_sf1 ===
[2026-06-02 05:51:16] [INFO] Removing Mongo database: imdb_exec_sf1
[2026-06-02 05:51:16] [INFO] [materialize:persons] skipped by minimal/skip-load option
[2026-06-02 05:51:16] [INFO] [materialize:roles] skipped by minimal/skip-load option
[2026-06-02 05:51:16] [INFO] [materialize:episodes] start
[2026-06-02 05:51:25] [INFO] [materialize:episodes] batch=1 batch_docs=50000 total_inserted=50000
[2026-06-02 05:54:20] [INFO] [materialize:episodes] batch=20 batch_docs=50000 total_inserted=1000000
[2026-06-02 05:57:18] [INFO] [materialize:episodes] batch=40 batch_docs=50000 total_inserted=2000000
[2026-06-02 06:00:17] [INFO] [materialize:episodes] batch=60 batch_docs=50000 total_inserted=3000000
[2026-06-02 06:03:21] [INFO] [materialize:episodes] batch=80 batch_docs=50000 total_inserted=4000000
[2026-06-02 06:06:26] [INFO] [materialize:episodes] batch=100 batch_docs=50000 total_inserted=5000000
[2026-06-02 06:09:33] [INFO] [materialize:episodes] batch=120 batch_docs=50000 total_inserted=6000000
[2026-06-02 06:12:37] [INFO] [materialize:episodes] batch=140 batch_docs=50000 total_inserted=7000000
[2026-06-02 06:15:42] [INFO] [materialize:episodes] batch=160 batch_docs=50000 total_inserted=8000000
[2026-06-02 06:18:47] [INFO] [materialize:episodes] batch=180 batch_docs=50000 total_inserted=9000000
[2026-06-02 06:20:05] [INFO] [materialize:episodes] completed total_inserted=9177015
[2026-06-02 06:20:05] [INFO] [replace:watchitems] start config=watchitem_g0
[2026-06-02 06:20:17] [INFO] [materialize:watchitems] batch=1 batch_docs=50000 total_inserted=50000
[2026-06-02 06:23:50] [INFO] [materialize:watchitems] batch=20 batch_docs=50000 total_inserted=1000000
[2026-06-02 06:27:51] [INFO] [materialize:watchitems] batch=40 batch_docs=50000 total_inserted=2000000
[2026-06-02 06:31:52] [INFO] [materialize:watchitems] batch=60 batch_docs=50000 total_inserted=3000000
[2026-06-02 06:35:50] [INFO] [materialize:watchitems] batch=80 batch_docs=50000 total_inserted=4000000
[2026-06-02 06:39:50] [INFO] [materialize:watchitems] batch=100 batch_docs=50000 total_inserted=5000000
[2026-06-02 06:44:01] [INFO] [materialize:watchitems] batch=120 batch_docs=50000 total_inserted=6000000
[2026-06-02 06:48:07] [INFO] [materialize:watchitems] batch=140 batch_docs=50000 total_inserted=7000000
[2026-06-02 06:52:15] [INFO] [materialize:watchitems] batch=160 batch_docs=50000 total_inserted=8000000
[2026-06-02 06:56:21] [INFO] [materialize:watchitems] batch=180 batch_docs=50000 total_inserted=9000000
[2026-06-02 07:00:34] [INFO] [materialize:watchitems] batch=200 batch_docs=50000 total_inserted=10000000
[2026-06-02 07:04:45] [INFO] [materialize:watchitems] batch=220 batch_docs=50000 total_inserted=11000000
[2026-06-02 07:12:58] [INFO] [replace:watchitems] completed config=watchitem_g0 total_inserted=11918372
[2026-06-02 07:12:58] [INFO] [replace:series] start config=series_g7
[2026-06-02 07:16:06] [INFO] [materialize:series] batch=1 batch_docs=50000 total_inserted=50000
[2026-06-02 07:22:28] [INFO] [replace:series] completed config=series_g7 total_inserted=287707
[2026-06-02 07:22:28] [INFO] === EXECUTION DB READY imdb_exec_sf1 persons=0 roles=0 episodes=9177015 watchitems=11918372 series=287707 ===
[2026-06-02 07:22:28] [INFO] [replace:watchitems] start config=watchitem_g4
[2026-06-02 07:23:31] [INFO] [materialize:watchitems] batch=1 batch_docs=50000 total_inserted=50000
[2026-06-02 07:42:03] [INFO] [materialize:watchitems] batch=20 batch_docs=50000 total_inserted=1000000
[2026-06-02 07:58:51] [INFO] [materialize:watchitems] batch=40 batch_docs=50000 total_inserted=2000000
[2026-06-02 08:14:02] [INFO] [materialize:watchitems] batch=60 batch_docs=50000 total_inserted=3000000
[2026-06-02 08:29:31] [INFO] [materialize:watchitems] batch=80 batch_docs=50000 total_inserted=4000000
[2026-06-02 08:44:38] [INFO] [materialize:watchitems] batch=100 batch_docs=50000 total_inserted=5000000
[2026-06-02 09:00:18] [INFO] [materialize:watchitems] batch=120 batch_docs=50000 total_inserted=6000000
[2026-06-02 09:16:22] [INFO] [materialize:watchitems] batch=140 batch_docs=50000 total_inserted=7000000
[2026-06-02 09:29:45] [INFO] [materialize:watchitems] batch=160 batch_docs=50000 total_inserted=8000000
[2026-06-02 09:38:16] [INFO] [materialize:watchitems] batch=180 batch_docs=50000 total_inserted=9000000
[2026-06-02 09:46:45] [INFO] [materialize:watchitems] batch=200 batch_docs=50000 total_inserted=10000000
[2026-06-02 09:55:10] [INFO] [materialize:watchitems] batch=220 batch_docs=50000 total_inserted=11000000
[2026-06-02 10:07:42] [INFO] [replace:watchitems] completed config=watchitem_g4 total_inserted=11918372
[2026-06-02 10:07:42] [INFO] === QUERY PLAN START experiment_id=watchitem_g4_sf1 execution_db=imdb_exec_sf1 ===
[2026-06-02 10:07:42] [INFO] Explain plan rows for watchitem_g4_sf1: 1
[2026-06-02 10:07:42] [INFO] [explain-progress] experiment=watchitem_g4_sf1 row=1/1 query=QG5_AllPersonsForEpisodesOfSeries group=primary rep=1
[2026-06-02 10:07:43] [INFO] === QUERY PLAN COMPLETED experiment_id=watchitem_g4_sf1 rows=1 components=3 ===
[2026-06-02 10:07:43] [INFO] [replace:watchitems] start config=watchitem_g5
[2026-06-02 10:08:53] [INFO] [materialize:watchitems] batch=1 batch_docs=50000 total_inserted=50000
[2026-06-02 10:31:42] [INFO] [materialize:watchitems] batch=20 batch_docs=50000 total_inserted=1000000
[2026-06-02 10:51:16] [INFO] [materialize:watchitems] batch=40 batch_docs=50000 total_inserted=2000000
[2026-06-02 11:09:04] [INFO] [materialize:watchitems] batch=60 batch_docs=50000 total_inserted=3000000
[2026-06-02 11:27:24] [INFO] [materialize:watchitems] batch=80 batch_docs=50000 total_inserted=4000000
[2026-06-02 11:45:21] [INFO] [materialize:watchitems] batch=100 batch_docs=50000 total_inserted=5000000
[2026-06-02 12:04:12] [INFO] [materialize:watchitems] batch=120 batch_docs=50000 total_inserted=6000000
[2026-06-02 12:23:05] [INFO] [materialize:watchitems] batch=140 batch_docs=50000 total_inserted=7000000
[2026-06-02 12:38:32] [INFO] [materialize:watchitems] batch=160 batch_docs=50000 total_inserted=8000000
[2026-06-02 12:46:54] [INFO] [materialize:watchitems] batch=180 batch_docs=50000 total_inserted=9000000
[2026-06-02 12:55:26] [INFO] [materialize:watchitems] batch=200 batch_docs=50000 total_inserted=10000000
[2026-06-02 13:03:56] [INFO] [materialize:watchitems] batch=220 batch_docs=50000 total_inserted=11000000
[2026-06-02 13:16:37] [INFO] [replace:watchitems] completed config=watchitem_g5 total_inserted=11918372
[2026-06-02 13:16:37] [INFO] === QUERY PLAN START experiment_id=watchitem_g5_sf1 execution_db=imdb_exec_sf1 ===
[2026-06-02 13:16:37] [INFO] Explain plan rows for watchitem_g5_sf1: 1
[2026-06-02 13:16:37] [INFO] [explain-progress] experiment=watchitem_g5_sf1 row=1/1 query=QG5_AllPersonsForEpisodesOfSeries group=primary rep=1
[2026-06-02 13:16:37] [INFO] === QUERY PLAN COMPLETED experiment_id=watchitem_g5_sf1 rows=1 components=2 ===
[2026-06-02 13:16:37] [INFO] [replace:watchitems] start config=watchitem_g6
[2026-06-02 13:17:48] [INFO] [materialize:watchitems] batch=1 batch_docs=50000 total_inserted=50000
[2026-06-02 13:40:30] [INFO] [materialize:watchitems] batch=20 batch_docs=50000 total_inserted=1000000
[2026-06-02 14:00:00] [INFO] [materialize:watchitems] batch=40 batch_docs=50000 total_inserted=2000000
[2026-06-02 14:17:55] [INFO] [materialize:watchitems] batch=60 batch_docs=50000 total_inserted=3000000
[2026-06-02 14:36:16] [INFO] [materialize:watchitems] batch=80 batch_docs=50000 total_inserted=4000000
[2026-06-02 14:54:02] [INFO] [materialize:watchitems] batch=100 batch_docs=50000 total_inserted=5000000
[2026-06-02 15:12:39] [INFO] [materialize:watchitems] batch=120 batch_docs=50000 total_inserted=6000000
[2026-06-02 15:31:29] [INFO] [materialize:watchitems] batch=140 batch_docs=50000 total_inserted=7000000
[2026-06-02 15:46:56] [INFO] [materialize:watchitems] batch=160 batch_docs=50000 total_inserted=8000000
[2026-06-02 15:55:17] [INFO] [materialize:watchitems] batch=180 batch_docs=50000 total_inserted=9000000
[2026-06-02 16:03:44] [INFO] [materialize:watchitems] batch=200 batch_docs=50000 total_inserted=10000000
[2026-06-02 16:12:13] [INFO] [materialize:watchitems] batch=220 batch_docs=50000 total_inserted=11000000
[2026-06-02 16:25:09] [INFO] [replace:watchitems] completed config=watchitem_g6 total_inserted=11918372
[2026-06-02 16:25:09] [INFO] === QUERY PLAN START experiment_id=watchitem_g6_sf1 execution_db=imdb_exec_sf1 ===
[2026-06-02 16:25:09] [INFO] Explain plan rows for watchitem_g6_sf1: 1
[2026-06-02 16:25:09] [INFO] [explain-progress] experiment=watchitem_g6_sf1 row=1/1 query=QG5_AllPersonsForEpisodesOfSeries group=primary rep=1
[2026-06-02 16:25:09] [INFO] === QUERY PLAN COMPLETED experiment_id=watchitem_g6_sf1 rows=1 components=2 ===
[2026-06-02 16:25:09] [INFO] ######## COMPLETED SCALE sf1 ########
[2026-06-02 16:25:09] [INFO] Saved initialization summary: /home/hudson/Documents/framework_test/imdb/query_plan_full_by_groups/group_C_qg5_sf1_assoc_only_with_episodes/scale_db_initialization_summary.csv
[2026-06-02 16:25:09] [INFO] Saved collection swap summary: /home/hudson/Documents/framework_test/imdb/query_plan_full_by_groups/group_C_qg5_sf1_assoc_only_with_episodes/collection_swap_summary.csv
[2026-06-02 16:25:09] [INFO] Saved query plan summary results: /home/hudson/Documents/framework_test/imdb/query_plan_full_by_groups/group_C_qg5_sf1_assoc_only_with_episodes/query_plan_summary_results.csv
[2026-06-02 16:25:09] [INFO] Saved query plan status summary: /home/hudson/Documents/framework_test/imdb/query_plan_full_by_groups/group_C_qg5_sf1_assoc_only_with_episodes/query_plan_status_summary.csv
[2026-06-02 16:25:09] [INFO] No failed query-plan rows detected.
[2026-06-02 16:25:09] [INFO] Saved query plan component results: /home/hudson/Documents/framework_test/imdb/query_plan_full_by_groups/group_C_qg5_sf1_assoc_only_with_episodes/query_plan_component_results.csv
[2026-06-02 16:25:09] [INFO] Saved run manifest: /home/hudson/Documents/framework_test/imdb/query_plan_full_by_groups/group_C_qg5_sf1_assoc_only_with_episodes/benchmark_run_manifest.json
[2026-06-02 16:25:09] [INFO] Done. Results in: /home/hudson/Documents/framework_test/imdb/query_plan_full_by_groups/group_C_qg5_sf1_assoc_only_with_episodes
