[2026-06-13 13:14:17] Running Lima & Mello FIBEN query plans on lmm_fiben_sf1_source_full
[2026-06-13 13:14:17] Params: {"corporation_id": 2860, "corporation_ticker": "IBM", "person_id": 400000035163, "account_id": 150000000000, "listed_security_id": 1001538, "transaction_refersto": 1001538, "corporation_security_ids": [1002518], "high_value_threshold": 4500, "buy_type": 1, "sell_type": 2, "buy_type_values": [1, "1"], "sell_type_values": [2, "2"]}
[2026-06-13 13:14:17] Explain Q1: Q1_CompanyProfile on lmm_corporation
[2026-06-13 13:14:17] Explain Q2: Q2_CompanyWithIndustryCountryAndListedSecurities on lmm_corporation
[2026-06-13 13:14:17] Explain Q3: Q3_SecuritiesHeldInEachFinancialServiceAccount on lmm_financial_service_account
[2026-06-13 13:14:17] Explain Q4: Q4_CompaniesReachedFromPersonThroughAccountHoldingListedSecurity on lmm_person
[2026-06-13 13:14:17] Explain Q5: Q5_ReportsAndMetricDataOfCompany on lmm_corporation
[2026-06-13 13:14:17] Explain Q6: Q6_TechUSListedSecuritiesWithHighLastTradedValue on lmm_transaction
[2026-06-13 13:14:17] Explain Q7: Q7_PersonsWhoBoughtMoreIBMThanSold on lmm_transaction
[2026-06-13 13:14:17] Explain Q8: Q8_IBMTransactionsBelowAverageSellingPrice on lmm_transaction
[2026-06-13 13:14:17] Explain Q9: Q9_PersonsWhoBoughtAndSoldSameStock on lmm_transaction
[2026-06-13 13:14:17] Done.
{
  "database": "lmm_fiben_sf1_source_full",
  "dataset": "FIBEN",
  "important_note": "Q10 is skipped because it is an insert/update workload.",
  "method": "lima_mello_2015",
  "output_files": {
    "manifest_json": "de_lima_mello_2015_implementation/results/fiben/query_plan/sf1/lmm_fiben_sf1_source_full/lmm_fiben_query_plan_manifest.json",
    "params_json": "de_lima_mello_2015_implementation/results/fiben/query_plan/sf1/lmm_fiben_sf1_source_full/lmm_fiben_query_plan_params.json",
    "raw_explain_json_dir": "de_lima_mello_2015_implementation/results/fiben/query_plan/sf1/lmm_fiben_sf1_source_full/raw_explain_json",
    "status_csv": "de_lima_mello_2015_implementation/results/fiben/query_plan/sf1/lmm_fiben_sf1_source_full/lmm_fiben_query_plan_status_summary.csv",
    "summary_csv": "de_lima_mello_2015_implementation/results/fiben/query_plan/sf1/lmm_fiben_sf1_source_full/lmm_fiben_query_plan_summary_results.csv"
  },
  "query_count": 9,
  "scale": "sf1",
  "status": "completed",
  "status_counts": {
    "completed": 9
  }
}
