[2026-05-30 02:51:15] [INFO] === IMDb MongoDB query-plan runner started ===
[2026-05-30 02:51:15] [INFO] results_dir=<LOCAL_PROJECT_ROOT>/imdb/query_plan_full_by_groups/group_D_insert_qg8
[2026-05-30 02:51:15] [INFO] query_plan_only=True explain_verbosity=executionStats
[2026-05-30 02:51:15] [INFO] force_rebuild_scale_db=True row_limit=None batch_size=200000
[2026-05-30 02:51:15] [INFO] scale_label_filter=None config_name_filter=None query_name_filter=['QG8_AddPersonRoleToWatchItem']
[2026-05-30 02:51:15] [INFO] Selected experiments: 27
[2026-05-30 02:51:15] [INFO] Saved selected experiments summary: <LOCAL_PROJECT_ROOT>/imdb/query_plan_full_by_groups/group_D_insert_qg8/selected_experiments_summary.csv
[2026-05-30 02:51:15] [INFO]   - series_g7_sf0.25 | config=series_g7 | scale=sf0.25
[2026-05-30 02:51:15] [INFO]   - series_g8_sf0.25 | config=series_g8 | scale=sf0.25
[2026-05-30 02:51:15] [INFO]   - series_g9_sf0.25 | config=series_g9 | scale=sf0.25
[2026-05-30 02:51:15] [INFO]   - watchitem_g0_sf0.25 | config=watchitem_g0 | scale=sf0.25
[2026-05-30 02:51:15] [INFO]   - watchitem_g2_sf0.25 | config=watchitem_g2 | scale=sf0.25
[2026-05-30 02:51:15] [INFO]   - watchitem_g3_sf0.25 | config=watchitem_g3 | scale=sf0.25
[2026-05-30 02:51:15] [INFO]   - watchitem_g4_sf0.25 | config=watchitem_g4 | scale=sf0.25
[2026-05-30 02:51:15] [INFO]   - watchitem_g5_sf0.25 | config=watchitem_g5 | scale=sf0.25
[2026-05-30 02:51:15] [INFO]   - watchitem_g6_sf0.25 | config=watchitem_g6 | scale=sf0.25
[2026-05-30 02:51:15] [INFO]   - series_g7_sf0.5 | config=series_g7 | scale=sf0.5
[2026-05-30 02:51:15] [INFO]   - series_g8_sf0.5 | config=series_g8 | scale=sf0.5
[2026-05-30 02:51:15] [INFO]   - series_g9_sf0.5 | config=series_g9 | scale=sf0.5
[2026-05-30 02:51:15] [INFO]   - watchitem_g0_sf0.5 | config=watchitem_g0 | scale=sf0.5
[2026-05-30 02:51:15] [INFO]   - watchitem_g2_sf0.5 | config=watchitem_g2 | scale=sf0.5
[2026-05-30 02:51:15] [INFO]   - watchitem_g3_sf0.5 | config=watchitem_g3 | scale=sf0.5
[2026-05-30 02:51:15] [INFO]   - watchitem_g4_sf0.5 | config=watchitem_g4 | scale=sf0.5
[2026-05-30 02:51:15] [INFO]   - watchitem_g5_sf0.5 | config=watchitem_g5 | scale=sf0.5
[2026-05-30 02:51:15] [INFO]   - watchitem_g6_sf0.5 | config=watchitem_g6 | scale=sf0.5
[2026-05-30 02:51:15] [INFO]   - series_g7_sf1 | config=series_g7 | scale=sf1
[2026-05-30 02:51:15] [INFO]   - series_g8_sf1 | config=series_g8 | scale=sf1
[2026-05-30 02:51:15] [INFO]   - series_g9_sf1 | config=series_g9 | scale=sf1
[2026-05-30 02:51:15] [INFO]   - watchitem_g0_sf1 | config=watchitem_g0 | scale=sf1
[2026-05-30 02:51:15] [INFO]   - watchitem_g2_sf1 | config=watchitem_g2 | scale=sf1
[2026-05-30 02:51:15] [INFO]   - watchitem_g3_sf1 | config=watchitem_g3 | scale=sf1
[2026-05-30 02:51:15] [INFO]   - watchitem_g4_sf1 | config=watchitem_g4 | scale=sf1
[2026-05-30 02:51:15] [INFO]   - watchitem_g5_sf1 | config=watchitem_g5 | scale=sf1
[2026-05-30 02:51:15] [INFO]   - watchitem_g6_sf1 | config=watchitem_g6 | scale=sf1
[2026-05-30 02:51:15] [INFO] ######## START SCALE sf0.25 ########
[2026-05-30 02:51:15] [INFO] Opening DuckDB for sf0.25 from <LOCAL_PROJECT_ROOT>/imdb/data/sf_025
[2026-05-30 02:51:15] [INFO] Creating DuckDB view imdb_name_basics
[2026-05-30 02:51:15] [INFO] Creating DuckDB view imdb_title_akas
[2026-05-30 02:51:15] [INFO] Creating DuckDB view imdb_title_basics
[2026-05-30 02:51:15] [INFO] Creating DuckDB view imdb_title_crew
[2026-05-30 02:51:15] [INFO] Creating DuckDB view imdb_title_episode
[2026-05-30 02:51:15] [INFO] Creating DuckDB view imdb_title_principals
[2026-05-30 02:51:15] [INFO] Creating DuckDB view imdb_title_ratings
[2026-05-30 02:51:15] [INFO] Building query parameter pool for sf0.25
[2026-05-30 02:51:25] [INFO] Parameter pool ready for sf0.25
[2026-05-30 02:51:25] [INFO] Minimal base-load decision: queries=['QG8_AddPersonRoleToWatchItem'] load_persons=False load_roles=False load_episodes=False
[2026-05-30 02:51:25] [INFO] === INITIALIZING EXECUTION DB imdb_exec_sf0_25 ===
[2026-05-30 02:51:25] [INFO] Removing Mongo database: imdb_exec_sf0_25
[2026-05-30 02:51:25] [INFO] [materialize:persons] skipped by minimal/skip-load option
[2026-05-30 02:51:25] [INFO] [materialize:roles] skipped by minimal/skip-load option
[2026-05-30 02:51:25] [INFO] [materialize:episodes] skipped by minimal/skip-load option
[2026-05-30 02:51:25] [INFO] [replace:watchitems] start config=watchitem_g0
[2026-05-30 02:51:39] [INFO] [materialize:watchitems] batch=1 batch_docs=200000 total_inserted=200000
[2026-05-30 02:56:38] [INFO] [replace:watchitems] completed config=watchitem_g0 total_inserted=3119040
[2026-05-30 02:56:38] [INFO] [replace:series] start config=series_g7
[2026-05-30 02:59:00] [INFO] [materialize:series] batch=1 batch_docs=186514 total_inserted=186514
[2026-05-30 02:59:02] [INFO] [replace:series] completed config=series_g7 total_inserted=186514
[2026-05-30 02:59:02] [INFO] === EXECUTION DB READY imdb_exec_sf0_25 persons=0 roles=0 episodes=0 watchitems=3119040 series=186514 ===
[2026-05-30 02:59:02] [INFO] === QUERY PLAN START experiment_id=watchitem_g0_sf0.25 execution_db=imdb_exec_sf0_25 ===
[2026-05-30 02:59:02] [INFO] Explain plan rows for watchitem_g0_sf0.25: 1
[2026-05-30 02:59:02] [INFO] [explain-progress] experiment=watchitem_g0_sf0.25 row=1/1 query=QG8_AddPersonRoleToWatchItem group=primary rep=1
[2026-05-30 02:59:02] [INFO] === QUERY PLAN COMPLETED experiment_id=watchitem_g0_sf0.25 rows=1 components=2 ===
[2026-05-30 02:59:02] [INFO] [replace:watchitems] start config=watchitem_g2
[2026-05-30 02:59:18] [INFO] [materialize:watchitems] batch=1 batch_docs=200000 total_inserted=200000
[2026-05-30 03:04:36] [INFO] [replace:watchitems] completed config=watchitem_g2 total_inserted=3119040
[2026-05-30 03:04:36] [INFO] === QUERY PLAN START experiment_id=watchitem_g2_sf0.25 execution_db=imdb_exec_sf0_25 ===
[2026-05-30 03:04:36] [INFO] Explain plan rows for watchitem_g2_sf0.25: 1
[2026-05-30 03:04:36] [INFO] [explain-progress] experiment=watchitem_g2_sf0.25 row=1/1 query=QG8_AddPersonRoleToWatchItem group=secondary_affected rep=1
[2026-05-30 03:04:36] [INFO] === QUERY PLAN COMPLETED experiment_id=watchitem_g2_sf0.25 rows=1 components=2 ===
[2026-05-30 03:04:36] [INFO] [replace:watchitems] start config=watchitem_g3
[2026-05-30 03:04:53] [INFO] [materialize:watchitems] batch=1 batch_docs=200000 total_inserted=200000
[2026-05-30 03:10:26] [INFO] [replace:watchitems] completed config=watchitem_g3 total_inserted=3119040
[2026-05-30 03:10:26] [INFO] === QUERY PLAN START experiment_id=watchitem_g3_sf0.25 execution_db=imdb_exec_sf0_25 ===
[2026-05-30 03:10:26] [INFO] Explain plan rows for watchitem_g3_sf0.25: 1
[2026-05-30 03:10:26] [INFO] [explain-progress] experiment=watchitem_g3_sf0.25 row=1/1 query=QG8_AddPersonRoleToWatchItem group=secondary_affected rep=1
[2026-05-30 03:10:26] [INFO] === QUERY PLAN COMPLETED experiment_id=watchitem_g3_sf0.25 rows=1 components=2 ===
[2026-05-30 03:10:26] [INFO] [replace:watchitems] start config=watchitem_g4
[2026-05-30 03:13:06] [INFO] [materialize:watchitems] batch=1 batch_docs=200000 total_inserted=200000
[2026-05-30 03:33:20] [INFO] [replace:watchitems] completed config=watchitem_g4 total_inserted=3119040
[2026-05-30 03:33:20] [INFO] === QUERY PLAN START experiment_id=watchitem_g4_sf0.25 execution_db=imdb_exec_sf0_25 ===
[2026-05-30 03:33:20] [INFO] Explain plan rows for watchitem_g4_sf0.25: 1
[2026-05-30 03:33:20] [INFO] [explain-progress] experiment=watchitem_g4_sf0.25 row=1/1 query=QG8_AddPersonRoleToWatchItem group=primary rep=1
[2026-05-30 03:33:20] [INFO] === QUERY PLAN COMPLETED experiment_id=watchitem_g4_sf0.25 rows=1 components=3 ===
[2026-05-30 03:33:20] [INFO] [replace:watchitems] start config=watchitem_g5
[2026-05-30 03:36:45] [INFO] [materialize:watchitems] batch=1 batch_docs=200000 total_inserted=200000
[2026-05-30 04:01:45] [INFO] [replace:watchitems] completed config=watchitem_g5 total_inserted=3119040
[2026-05-30 04:01:45] [INFO] === QUERY PLAN START experiment_id=watchitem_g5_sf0.25 execution_db=imdb_exec_sf0_25 ===
[2026-05-30 04:01:45] [INFO] Explain plan rows for watchitem_g5_sf0.25: 1
[2026-05-30 04:01:45] [INFO] [explain-progress] experiment=watchitem_g5_sf0.25 row=1/1 query=QG8_AddPersonRoleToWatchItem group=primary rep=1
[2026-05-30 04:01:46] [INFO] === QUERY PLAN COMPLETED experiment_id=watchitem_g5_sf0.25 rows=1 components=3 ===
[2026-05-30 04:01:46] [INFO] [replace:watchitems] start config=watchitem_g6
[2026-05-30 04:05:11] [INFO] [materialize:watchitems] batch=1 batch_docs=200000 total_inserted=200000
[2026-05-30 04:30:04] [INFO] [replace:watchitems] completed config=watchitem_g6 total_inserted=3119040
[2026-05-30 04:30:04] [INFO] === QUERY PLAN START experiment_id=watchitem_g6_sf0.25 execution_db=imdb_exec_sf0_25 ===
[2026-05-30 04:30:04] [INFO] Explain plan rows for watchitem_g6_sf0.25: 1
[2026-05-30 04:30:04] [INFO] [explain-progress] experiment=watchitem_g6_sf0.25 row=1/1 query=QG8_AddPersonRoleToWatchItem group=primary rep=1
[2026-05-30 04:30:04] [INFO] === QUERY PLAN COMPLETED experiment_id=watchitem_g6_sf0.25 rows=1 components=3 ===
[2026-05-30 04:30:04] [INFO] [replace:watchitems] start config=watchitem_g0
[2026-05-30 04:30:18] [INFO] [materialize:watchitems] batch=1 batch_docs=200000 total_inserted=200000
[2026-05-30 04:35:17] [INFO] [replace:watchitems] completed config=watchitem_g0 total_inserted=3119040
[2026-05-30 04:35:17] [INFO] === QUERY PLAN START experiment_id=series_g7_sf0.25 execution_db=imdb_exec_sf0_25 ===
[2026-05-30 04:35:17] [INFO] Explain plan rows for series_g7_sf0.25: 1
[2026-05-30 04:35:17] [INFO] [explain-progress] experiment=series_g7_sf0.25 row=1/1 query=QG8_AddPersonRoleToWatchItem group=control rep=1
[2026-05-30 04:35:17] [INFO] === QUERY PLAN COMPLETED experiment_id=series_g7_sf0.25 rows=1 components=2 ===
[2026-05-30 04:35:17] [INFO] [replace:series] start config=series_g8
[2026-05-30 04:37:41] [INFO] [materialize:series] batch=1 batch_docs=186514 total_inserted=186514
[2026-05-30 04:37:43] [INFO] [replace:series] completed config=series_g8 total_inserted=186514
[2026-05-30 04:37:44] [INFO] === QUERY PLAN START experiment_id=series_g8_sf0.25 execution_db=imdb_exec_sf0_25 ===
[2026-05-30 04:37:44] [INFO] Explain plan rows for series_g8_sf0.25: 1
[2026-05-30 04:37:44] [INFO] [explain-progress] experiment=series_g8_sf0.25 row=1/1 query=QG8_AddPersonRoleToWatchItem group=control rep=1
[2026-05-30 04:37:44] [INFO] === QUERY PLAN COMPLETED experiment_id=series_g8_sf0.25 rows=1 components=2 ===
[2026-05-30 04:37:44] [INFO] [replace:series] start config=series_g9
[2026-05-30 04:40:10] [INFO] [materialize:series] batch=1 batch_docs=186514 total_inserted=186514
[2026-05-30 04:40:12] [INFO] [replace:series] completed config=series_g9 total_inserted=186514
[2026-05-30 04:40:13] [INFO] === QUERY PLAN START experiment_id=series_g9_sf0.25 execution_db=imdb_exec_sf0_25 ===
[2026-05-30 04:40:13] [INFO] Explain plan rows for series_g9_sf0.25: 1
[2026-05-30 04:40:13] [INFO] [explain-progress] experiment=series_g9_sf0.25 row=1/1 query=QG8_AddPersonRoleToWatchItem group=control rep=1
[2026-05-30 04:40:13] [INFO] === QUERY PLAN COMPLETED experiment_id=series_g9_sf0.25 rows=1 components=2 ===
[2026-05-30 04:40:13] [INFO] ######## COMPLETED SCALE sf0.25 ########
[2026-05-30 04:40:13] [INFO] ######## START SCALE sf0.5 ########
[2026-05-30 04:40:13] [INFO] Opening DuckDB for sf0.5 from <LOCAL_PROJECT_ROOT>/imdb/data/sf_050
[2026-05-30 04:40:13] [INFO] Creating DuckDB view imdb_name_basics
[2026-05-30 04:40:13] [INFO] Creating DuckDB view imdb_title_akas
[2026-05-30 04:40:13] [INFO] Creating DuckDB view imdb_title_basics
[2026-05-30 04:40:13] [INFO] Creating DuckDB view imdb_title_crew
[2026-05-30 04:40:13] [INFO] Creating DuckDB view imdb_title_episode
[2026-05-30 04:40:13] [INFO] Creating DuckDB view imdb_title_principals
[2026-05-30 04:40:13] [INFO] Creating DuckDB view imdb_title_ratings
[2026-05-30 04:40:13] [INFO] Building query parameter pool for sf0.5
[2026-05-30 04:40:30] [INFO] Parameter pool ready for sf0.5
[2026-05-30 04:40:30] [INFO] Minimal base-load decision: queries=['QG8_AddPersonRoleToWatchItem'] load_persons=False load_roles=False load_episodes=False
[2026-05-30 04:40:30] [INFO] === INITIALIZING EXECUTION DB imdb_exec_sf0_5 ===
[2026-05-30 04:40:30] [INFO] Removing Mongo database: imdb_exec_sf0_5
[2026-05-30 04:40:30] [INFO] [materialize:persons] skipped by minimal/skip-load option
[2026-05-30 04:40:30] [INFO] [materialize:roles] skipped by minimal/skip-load option
[2026-05-30 04:40:30] [INFO] [materialize:episodes] skipped by minimal/skip-load option
[2026-05-30 04:40:30] [INFO] [replace:watchitems] start config=watchitem_g0
[2026-05-30 04:40:48] [INFO] [materialize:watchitems] batch=1 batch_docs=200000 total_inserted=200000
[2026-05-30 04:46:47] [INFO] [materialize:watchitems] batch=20 batch_docs=200000 total_inserted=4000000
[2026-05-30 04:52:21] [INFO] [replace:watchitems] completed config=watchitem_g0 total_inserted=6067595
[2026-05-30 04:52:21] [INFO] [replace:series] start config=series_g7
[2026-05-30 04:56:25] [INFO] [materialize:series] batch=1 batch_docs=200000 total_inserted=200000
[2026-05-30 04:57:02] [INFO] [replace:series] completed config=series_g7 total_inserted=230194
[2026-05-30 04:57:02] [INFO] === EXECUTION DB READY imdb_exec_sf0_5 persons=0 roles=0 episodes=0 watchitems=6067595 series=230194 ===
[2026-05-30 04:57:02] [INFO] === QUERY PLAN START experiment_id=watchitem_g0_sf0.5 execution_db=imdb_exec_sf0_5 ===
[2026-05-30 04:57:02] [INFO] Explain plan rows for watchitem_g0_sf0.5: 1
[2026-05-30 04:57:02] [INFO] [explain-progress] experiment=watchitem_g0_sf0.5 row=1/1 query=QG8_AddPersonRoleToWatchItem group=primary rep=1
[2026-05-30 04:57:02] [INFO] === QUERY PLAN COMPLETED experiment_id=watchitem_g0_sf0.5 rows=1 components=2 ===
[2026-05-30 04:57:02] [INFO] [replace:watchitems] start config=watchitem_g2
[2026-05-30 04:57:20] [INFO] [materialize:watchitems] batch=1 batch_docs=200000 total_inserted=200000
[2026-05-30 05:03:45] [INFO] [materialize:watchitems] batch=20 batch_docs=200000 total_inserted=4000000
[2026-05-30 05:09:31] [INFO] [replace:watchitems] completed config=watchitem_g2 total_inserted=6067595
[2026-05-30 05:09:31] [INFO] === QUERY PLAN START experiment_id=watchitem_g2_sf0.5 execution_db=imdb_exec_sf0_5 ===
[2026-05-30 05:09:31] [INFO] Explain plan rows for watchitem_g2_sf0.5: 1
[2026-05-30 05:09:31] [INFO] [explain-progress] experiment=watchitem_g2_sf0.5 row=1/1 query=QG8_AddPersonRoleToWatchItem group=secondary_affected rep=1
[2026-05-30 05:09:31] [INFO] === QUERY PLAN COMPLETED experiment_id=watchitem_g2_sf0.5 rows=1 components=2 ===
[2026-05-30 05:09:31] [INFO] [replace:watchitems] start config=watchitem_g3
[2026-05-30 05:09:50] [INFO] [materialize:watchitems] batch=1 batch_docs=200000 total_inserted=200000
[2026-05-30 05:16:23] [INFO] [materialize:watchitems] batch=20 batch_docs=200000 total_inserted=4000000
[2026-05-30 05:22:19] [INFO] [replace:watchitems] completed config=watchitem_g3 total_inserted=6067595
[2026-05-30 05:22:19] [INFO] === QUERY PLAN START experiment_id=watchitem_g3_sf0.5 execution_db=imdb_exec_sf0_5 ===
[2026-05-30 05:22:19] [INFO] Explain plan rows for watchitem_g3_sf0.5: 1
[2026-05-30 05:22:19] [INFO] [explain-progress] experiment=watchitem_g3_sf0.5 row=1/1 query=QG8_AddPersonRoleToWatchItem group=secondary_affected rep=1
[2026-05-30 05:22:19] [INFO] === QUERY PLAN COMPLETED experiment_id=watchitem_g3_sf0.5 rows=1 components=2 ===
[2026-05-30 05:22:19] [INFO] [replace:watchitems] start config=watchitem_g4
[2026-05-30 05:25:03] [INFO] [materialize:watchitems] batch=1 batch_docs=200000 total_inserted=200000
[2026-05-30 06:02:49] [INFO] [materialize:watchitems] batch=20 batch_docs=200000 total_inserted=4000000
[2026-05-30 06:10:03] [INFO] [replace:watchitems] completed config=watchitem_g4 total_inserted=6067595
[2026-05-30 06:10:03] [INFO] === QUERY PLAN START experiment_id=watchitem_g4_sf0.5 execution_db=imdb_exec_sf0_5 ===
[2026-05-30 06:10:03] [INFO] Explain plan rows for watchitem_g4_sf0.5: 1
[2026-05-30 06:10:03] [INFO] [explain-progress] experiment=watchitem_g4_sf0.5 row=1/1 query=QG8_AddPersonRoleToWatchItem group=primary rep=1
[2026-05-30 06:10:03] [INFO] === QUERY PLAN COMPLETED experiment_id=watchitem_g4_sf0.5 rows=1 components=3 ===
[2026-05-30 06:10:03] [INFO] [replace:watchitems] start config=watchitem_g5
[2026-05-30 06:13:31] [INFO] [materialize:watchitems] batch=1 batch_docs=200000 total_inserted=200000
[2026-05-30 07:00:13] [INFO] [materialize:watchitems] batch=20 batch_docs=200000 total_inserted=4000000
[2026-05-30 07:07:26] [INFO] [replace:watchitems] completed config=watchitem_g5 total_inserted=6067595
[2026-05-30 07:07:27] [INFO] === QUERY PLAN START experiment_id=watchitem_g5_sf0.5 execution_db=imdb_exec_sf0_5 ===
[2026-05-30 07:07:27] [INFO] Explain plan rows for watchitem_g5_sf0.5: 1
[2026-05-30 07:07:27] [INFO] [explain-progress] experiment=watchitem_g5_sf0.5 row=1/1 query=QG8_AddPersonRoleToWatchItem group=primary rep=1
[2026-05-30 07:07:27] [INFO] === QUERY PLAN COMPLETED experiment_id=watchitem_g5_sf0.5 rows=1 components=3 ===
[2026-05-30 07:07:27] [INFO] [replace:watchitems] start config=watchitem_g6
[2026-05-30 07:10:56] [INFO] [materialize:watchitems] batch=1 batch_docs=200000 total_inserted=200000
[2026-05-30 07:57:36] [INFO] [materialize:watchitems] batch=20 batch_docs=200000 total_inserted=4000000
[2026-05-30 08:04:54] [INFO] [replace:watchitems] completed config=watchitem_g6 total_inserted=6067595
[2026-05-30 08:04:54] [INFO] === QUERY PLAN START experiment_id=watchitem_g6_sf0.5 execution_db=imdb_exec_sf0_5 ===
[2026-05-30 08:04:54] [INFO] Explain plan rows for watchitem_g6_sf0.5: 1
[2026-05-30 08:04:54] [INFO] [explain-progress] experiment=watchitem_g6_sf0.5 row=1/1 query=QG8_AddPersonRoleToWatchItem group=primary rep=1
[2026-05-30 08:04:54] [INFO] === QUERY PLAN COMPLETED experiment_id=watchitem_g6_sf0.5 rows=1 components=3 ===
[2026-05-30 08:04:54] [INFO] [replace:watchitems] start config=watchitem_g0
[2026-05-30 08:05:10] [INFO] [materialize:watchitems] batch=1 batch_docs=200000 total_inserted=200000
[2026-05-30 08:11:08] [INFO] [materialize:watchitems] batch=20 batch_docs=200000 total_inserted=4000000
[2026-05-30 08:16:41] [INFO] [replace:watchitems] completed config=watchitem_g0 total_inserted=6067595
[2026-05-30 08:16:41] [INFO] === QUERY PLAN START experiment_id=series_g7_sf0.5 execution_db=imdb_exec_sf0_5 ===
[2026-05-30 08:16:41] [INFO] Explain plan rows for series_g7_sf0.5: 1
[2026-05-30 08:16:41] [INFO] [explain-progress] experiment=series_g7_sf0.5 row=1/1 query=QG8_AddPersonRoleToWatchItem group=control rep=1
[2026-05-30 08:16:41] [INFO] === QUERY PLAN COMPLETED experiment_id=series_g7_sf0.5 rows=1 components=2 ===
[2026-05-30 08:16:41] [INFO] [replace:series] start config=series_g8
[2026-05-30 08:20:49] [INFO] [materialize:series] batch=1 batch_docs=200000 total_inserted=200000
[2026-05-30 08:21:28] [INFO] [replace:series] completed config=series_g8 total_inserted=230194
[2026-05-30 08:21:28] [INFO] === QUERY PLAN START experiment_id=series_g8_sf0.5 execution_db=imdb_exec_sf0_5 ===
[2026-05-30 08:21:28] [INFO] Explain plan rows for series_g8_sf0.5: 1
[2026-05-30 08:21:28] [INFO] [explain-progress] experiment=series_g8_sf0.5 row=1/1 query=QG8_AddPersonRoleToWatchItem group=control rep=1
[2026-05-30 08:21:28] [INFO] === QUERY PLAN COMPLETED experiment_id=series_g8_sf0.5 rows=1 components=2 ===
[2026-05-30 08:21:28] [INFO] [replace:series] start config=series_g9
[2026-05-30 08:25:40] [INFO] [materialize:series] batch=1 batch_docs=200000 total_inserted=200000
[2026-05-30 08:26:18] [INFO] [replace:series] completed config=series_g9 total_inserted=230194
[2026-05-30 08:26:18] [INFO] === QUERY PLAN START experiment_id=series_g9_sf0.5 execution_db=imdb_exec_sf0_5 ===
[2026-05-30 08:26:18] [INFO] Explain plan rows for series_g9_sf0.5: 1
[2026-05-30 08:26:18] [INFO] [explain-progress] experiment=series_g9_sf0.5 row=1/1 query=QG8_AddPersonRoleToWatchItem group=control rep=1
[2026-05-30 08:26:18] [INFO] === QUERY PLAN COMPLETED experiment_id=series_g9_sf0.5 rows=1 components=2 ===
[2026-05-30 08:26:18] [INFO] ######## COMPLETED SCALE sf0.5 ########
[2026-05-30 08:26:18] [INFO] ######## START SCALE sf1 ########
[2026-05-30 08:26:18] [INFO] Opening DuckDB for sf1 from <LOCAL_PROJECT_ROOT>/imdb/data/sf_1
[2026-05-30 08:26:18] [INFO] Creating DuckDB view imdb_name_basics
[2026-05-30 08:26:18] [INFO] Creating DuckDB view imdb_title_akas
[2026-05-30 08:26:18] [INFO] Creating DuckDB view imdb_title_basics
[2026-05-30 08:26:18] [INFO] Creating DuckDB view imdb_title_crew
[2026-05-30 08:26:18] [INFO] Creating DuckDB view imdb_title_episode
[2026-05-30 08:26:18] [INFO] Creating DuckDB view imdb_title_principals
[2026-05-30 08:26:18] [INFO] Creating DuckDB view imdb_title_ratings
[2026-05-30 08:26:18] [INFO] Building query parameter pool for sf1
[2026-05-30 08:26:54] [INFO] Parameter pool ready for sf1
[2026-05-30 08:26:54] [INFO] Minimal base-load decision: queries=['QG8_AddPersonRoleToWatchItem'] load_persons=False load_roles=False load_episodes=False
[2026-05-30 08:26:54] [INFO] === INITIALIZING EXECUTION DB imdb_exec_sf1 ===
[2026-05-30 08:26:54] [INFO] Removing Mongo database: imdb_exec_sf1
[2026-05-30 08:26:54] [INFO] [materialize:persons] skipped by minimal/skip-load option
[2026-05-30 08:26:54] [INFO] [materialize:roles] skipped by minimal/skip-load option
[2026-05-30 08:26:54] [INFO] [materialize:episodes] skipped by minimal/skip-load option
[2026-05-30 08:26:54] [INFO] [replace:watchitems] start config=watchitem_g0
[2026-05-30 08:27:13] [INFO] [materialize:watchitems] batch=1 batch_docs=200000 total_inserted=200000
[2026-05-30 08:34:06] [INFO] [materialize:watchitems] batch=20 batch_docs=200000 total_inserted=4000000
[2026-05-30 08:41:42] [INFO] [materialize:watchitems] batch=40 batch_docs=200000 total_inserted=8000000
[2026-05-30 08:49:18] [INFO] [materialize:watchitems] batch=60 batch_docs=118372 total_inserted=11918372
[2026-05-30 08:53:34] [INFO] [replace:watchitems] completed config=watchitem_g0 total_inserted=11918372
[2026-05-30 08:53:34] [INFO] [replace:series] start config=series_g7
[2026-05-30 09:00:28] [INFO] [materialize:series] batch=1 batch_docs=200000 total_inserted=200000
[2026-05-30 09:02:44] [INFO] [replace:series] completed config=series_g7 total_inserted=287707
[2026-05-30 09:02:44] [INFO] === EXECUTION DB READY imdb_exec_sf1 persons=0 roles=0 episodes=0 watchitems=11918372 series=287707 ===
[2026-05-30 09:02:44] [INFO] === QUERY PLAN START experiment_id=watchitem_g0_sf1 execution_db=imdb_exec_sf1 ===
[2026-05-30 09:02:44] [INFO] Explain plan rows for watchitem_g0_sf1: 1
[2026-05-30 09:02:44] [INFO] [explain-progress] experiment=watchitem_g0_sf1 row=1/1 query=QG8_AddPersonRoleToWatchItem group=primary rep=1
[2026-05-30 09:02:44] [INFO] === QUERY PLAN COMPLETED experiment_id=watchitem_g0_sf1 rows=1 components=2 ===
[2026-05-30 09:02:44] [INFO] [replace:watchitems] start config=watchitem_g2
[2026-05-30 09:03:06] [INFO] [materialize:watchitems] batch=1 batch_docs=200000 total_inserted=200000
[2026-05-30 09:10:24] [INFO] [materialize:watchitems] batch=20 batch_docs=200000 total_inserted=4000000
[2026-05-30 09:18:26] [INFO] [materialize:watchitems] batch=40 batch_docs=200000 total_inserted=8000000
[2026-05-30 09:26:25] [INFO] [materialize:watchitems] batch=60 batch_docs=118372 total_inserted=11918372
[2026-05-30 09:30:40] [INFO] [replace:watchitems] completed config=watchitem_g2 total_inserted=11918372
[2026-05-30 09:30:40] [INFO] === QUERY PLAN START experiment_id=watchitem_g2_sf1 execution_db=imdb_exec_sf1 ===
[2026-05-30 09:30:40] [INFO] Explain plan rows for watchitem_g2_sf1: 1
[2026-05-30 09:30:40] [INFO] [explain-progress] experiment=watchitem_g2_sf1 row=1/1 query=QG8_AddPersonRoleToWatchItem group=secondary_affected rep=1
[2026-05-30 09:30:40] [INFO] === QUERY PLAN COMPLETED experiment_id=watchitem_g2_sf1 rows=1 components=2 ===
[2026-05-30 09:30:40] [INFO] [replace:watchitems] start config=watchitem_g3
[2026-05-30 09:31:02] [INFO] [materialize:watchitems] batch=1 batch_docs=200000 total_inserted=200000
[2026-05-30 09:38:38] [INFO] [materialize:watchitems] batch=20 batch_docs=200000 total_inserted=4000000
[2026-05-30 09:46:50] [INFO] [materialize:watchitems] batch=40 batch_docs=200000 total_inserted=8000000
[2026-05-30 09:54:51] [INFO] [materialize:watchitems] batch=60 batch_docs=118372 total_inserted=11918372
[2026-05-30 09:59:09] [INFO] [replace:watchitems] completed config=watchitem_g3 total_inserted=11918372
[2026-05-30 09:59:09] [INFO] === QUERY PLAN START experiment_id=watchitem_g3_sf1 execution_db=imdb_exec_sf1 ===
[2026-05-30 09:59:09] [INFO] Explain plan rows for watchitem_g3_sf1: 1
[2026-05-30 09:59:09] [INFO] [explain-progress] experiment=watchitem_g3_sf1 row=1/1 query=QG8_AddPersonRoleToWatchItem group=secondary_affected rep=1
[2026-05-30 09:59:09] [INFO] === QUERY PLAN COMPLETED experiment_id=watchitem_g3_sf1 rows=1 components=2 ===
[2026-05-30 09:59:09] [INFO] [replace:watchitems] start config=watchitem_g4
[2026-05-30 10:02:20] [INFO] [materialize:watchitems] batch=1 batch_docs=200000 total_inserted=200000
[2026-05-30 10:45:44] [INFO] [materialize:watchitems] batch=20 batch_docs=200000 total_inserted=4000000
[2026-05-30 11:25:14] [INFO] [materialize:watchitems] batch=40 batch_docs=200000 total_inserted=8000000
[2026-05-30 11:37:35] [INFO] [materialize:watchitems] batch=60 batch_docs=118372 total_inserted=11918372
[2026-05-30 11:42:02] [INFO] [replace:watchitems] completed config=watchitem_g4 total_inserted=11918372
[2026-05-30 11:42:02] [INFO] === QUERY PLAN START experiment_id=watchitem_g4_sf1 execution_db=imdb_exec_sf1 ===
[2026-05-30 11:42:02] [INFO] Explain plan rows for watchitem_g4_sf1: 1
[2026-05-30 11:42:02] [INFO] [explain-progress] experiment=watchitem_g4_sf1 row=1/1 query=QG8_AddPersonRoleToWatchItem group=primary rep=1
[2026-05-30 11:42:02] [INFO] === QUERY PLAN COMPLETED experiment_id=watchitem_g4_sf1 rows=1 components=3 ===
[2026-05-30 11:42:02] [INFO] [replace:watchitems] start config=watchitem_g5
[2026-05-30 11:45:56] [INFO] [materialize:watchitems] batch=1 batch_docs=200000 total_inserted=200000
[2026-05-30 12:38:14] [INFO] [materialize:watchitems] batch=20 batch_docs=200000 total_inserted=4000000
[2026-05-30 13:26:03] [INFO] [materialize:watchitems] batch=40 batch_docs=200000 total_inserted=8000000
[2026-05-30 13:38:32] [INFO] [materialize:watchitems] batch=60 batch_docs=118372 total_inserted=11918372
[2026-05-30 13:43:03] [INFO] [replace:watchitems] completed config=watchitem_g5 total_inserted=11918372
[2026-05-30 13:43:03] [INFO] === QUERY PLAN START experiment_id=watchitem_g5_sf1 execution_db=imdb_exec_sf1 ===
[2026-05-30 13:43:03] [INFO] Explain plan rows for watchitem_g5_sf1: 1
[2026-05-30 13:43:03] [INFO] [explain-progress] experiment=watchitem_g5_sf1 row=1/1 query=QG8_AddPersonRoleToWatchItem group=primary rep=1
[2026-05-30 13:43:03] [INFO] === QUERY PLAN COMPLETED experiment_id=watchitem_g5_sf1 rows=1 components=3 ===
[2026-05-30 13:43:03] [INFO] [replace:watchitems] start config=watchitem_g6
[2026-05-30 13:46:56] [INFO] [materialize:watchitems] batch=1 batch_docs=200000 total_inserted=200000
[2026-05-30 14:39:17] [INFO] [materialize:watchitems] batch=20 batch_docs=200000 total_inserted=4000000
[2026-05-30 15:26:55] [INFO] [materialize:watchitems] batch=40 batch_docs=200000 total_inserted=8000000
[2026-05-30 15:39:17] [INFO] [materialize:watchitems] batch=60 batch_docs=118372 total_inserted=11918372
[2026-05-30 15:44:05] [INFO] [replace:watchitems] completed config=watchitem_g6 total_inserted=11918372
[2026-05-30 15:44:05] [INFO] === QUERY PLAN START experiment_id=watchitem_g6_sf1 execution_db=imdb_exec_sf1 ===
[2026-05-30 15:44:05] [INFO] Explain plan rows for watchitem_g6_sf1: 1
[2026-05-30 15:44:05] [INFO] [explain-progress] experiment=watchitem_g6_sf1 row=1/1 query=QG8_AddPersonRoleToWatchItem group=primary rep=1
[2026-05-30 15:44:05] [INFO] === QUERY PLAN COMPLETED experiment_id=watchitem_g6_sf1 rows=1 components=3 ===
[2026-05-30 15:44:05] [INFO] [replace:watchitems] start config=watchitem_g0
[2026-05-30 15:44:24] [INFO] [materialize:watchitems] batch=1 batch_docs=200000 total_inserted=200000
[2026-05-30 15:51:26] [INFO] [materialize:watchitems] batch=20 batch_docs=200000 total_inserted=4000000
[2026-05-30 15:59:03] [INFO] [materialize:watchitems] batch=40 batch_docs=200000 total_inserted=8000000
[2026-05-30 16:06:38] [INFO] [materialize:watchitems] batch=60 batch_docs=118372 total_inserted=11918372
[2026-05-30 16:10:53] [INFO] [replace:watchitems] completed config=watchitem_g0 total_inserted=11918372
[2026-05-30 16:10:53] [INFO] === QUERY PLAN START experiment_id=series_g7_sf1 execution_db=imdb_exec_sf1 ===
[2026-05-30 16:10:53] [INFO] Explain plan rows for series_g7_sf1: 1
[2026-05-30 16:10:53] [INFO] [explain-progress] experiment=series_g7_sf1 row=1/1 query=QG8_AddPersonRoleToWatchItem group=control rep=1
[2026-05-30 16:10:53] [INFO] === QUERY PLAN COMPLETED experiment_id=series_g7_sf1 rows=1 components=2 ===
[2026-05-30 16:10:53] [INFO] [replace:series] start config=series_g8
[2026-05-30 16:17:53] [INFO] [materialize:series] batch=1 batch_docs=200000 total_inserted=200000
[2026-05-30 16:20:11] [INFO] [replace:series] completed config=series_g8 total_inserted=287707
[2026-05-30 16:20:11] [INFO] === QUERY PLAN START experiment_id=series_g8_sf1 execution_db=imdb_exec_sf1 ===
[2026-05-30 16:20:11] [INFO] Explain plan rows for series_g8_sf1: 1
[2026-05-30 16:20:11] [INFO] [explain-progress] experiment=series_g8_sf1 row=1/1 query=QG8_AddPersonRoleToWatchItem group=control rep=1
[2026-05-30 16:20:11] [INFO] === QUERY PLAN COMPLETED experiment_id=series_g8_sf1 rows=1 components=2 ===
[2026-05-30 16:20:11] [INFO] [replace:series] start config=series_g9
[2026-05-30 16:27:15] [INFO] [materialize:series] batch=1 batch_docs=200000 total_inserted=200000
[2026-05-30 16:29:36] [INFO] [replace:series] completed config=series_g9 total_inserted=287707
[2026-05-30 16:29:37] [INFO] === QUERY PLAN START experiment_id=series_g9_sf1 execution_db=imdb_exec_sf1 ===
[2026-05-30 16:29:37] [INFO] Explain plan rows for series_g9_sf1: 1
[2026-05-30 16:29:37] [INFO] [explain-progress] experiment=series_g9_sf1 row=1/1 query=QG8_AddPersonRoleToWatchItem group=control rep=1
[2026-05-30 16:29:37] [INFO] === QUERY PLAN COMPLETED experiment_id=series_g9_sf1 rows=1 components=2 ===
[2026-05-30 16:29:37] [INFO] ######## COMPLETED SCALE sf1 ########
[2026-05-30 16:29:37] [INFO] Saved initialization summary: <LOCAL_PROJECT_ROOT>/imdb/query_plan_full_by_groups/group_D_insert_qg8/scale_db_initialization_summary.csv
[2026-05-30 16:29:37] [INFO] Saved collection swap summary: <LOCAL_PROJECT_ROOT>/imdb/query_plan_full_by_groups/group_D_insert_qg8/collection_swap_summary.csv
[2026-05-30 16:29:37] [INFO] Saved query plan summary results: <LOCAL_PROJECT_ROOT>/imdb/query_plan_full_by_groups/group_D_insert_qg8/query_plan_summary_results.csv
[2026-05-30 16:29:37] [INFO] Saved query plan status summary: <LOCAL_PROJECT_ROOT>/imdb/query_plan_full_by_groups/group_D_insert_qg8/query_plan_status_summary.csv
[2026-05-30 16:29:37] [INFO] No failed query-plan rows detected.
[2026-05-30 16:29:37] [INFO] Saved query plan component results: <LOCAL_PROJECT_ROOT>/imdb/query_plan_full_by_groups/group_D_insert_qg8/query_plan_component_results.csv
[2026-05-30 16:29:37] [INFO] Saved run manifest: <LOCAL_PROJECT_ROOT>/imdb/query_plan_full_by_groups/group_D_insert_qg8/benchmark_run_manifest.json
[2026-05-30 16:29:37] [INFO] Done. Results in: <LOCAL_PROJECT_ROOT>/imdb/query_plan_full_by_groups/group_D_insert_qg8
