[2026-06-12 13:06:41] Dropping target database: lmm_fiben_sf10_source_full
[2026-06-12 13:06:41] Loading Lima & Mello FIBEN materialization into lmm_fiben_sf10_source_full
[2026-06-12 13:34:29] Creating indexes
[2026-06-12 13:57:27] Running Rule-5 embedding edges
[2026-06-12 13:57:27] Embedding transaction_refers_to_listed_security: lmm_transaction.REFERSTO -> lmm_listed_security.LISTEDSECURITYID as listed_security
[2026-06-12 14:07:27] Embedding financial_report_contains_report_element: lmm_financial_report.FINANCIALREPORTID -> lmm_report_element.ISMEMBEROF as report_element
[2026-06-12 14:11:43] Embedding account_has_holding: lmm_financial_service_account.FINANCIALSERVICEACCOUNTID -> _src_fiben_holdings.ISHELDBY as holding
[2026-06-12 14:16:34] Embedding account_records_transaction: lmm_financial_service_account.FINANCIALSERVICEACCOUNTID -> lmm_transaction.ISFACILITATEDBY as transaction
[2026-06-12 14:22:48] Embedding person_owns_financial_service_account: lmm_person.PERSONID -> lmm_financial_service_account.ISOWNEDBY as financial_service_account
[2026-06-12 14:25:44] Embedding corporation_has_country: lmm_corporation.ISDOMICILEDIN -> _src_fiben_countries.COUNTRYID as country
[2026-06-12 14:25:46] Embedding corporation_has_industry: lmm_corporation.ISCLASSIFIEDBY -> _src_fiben_industries.INDUSTRYSECTORCLASSIFIERID as industry
[2026-06-12 14:25:47] Embedding corporation_has_financial_report: lmm_corporation.CORPORATIONID -> lmm_financial_report.ISPROVIDEDBY as financial_report
[2026-06-12 14:27:03] Embedding holding_refers_to_listed_security: lmm_listed_security.LISTEDSECURITYID -> _src_fiben_holdings.REFERSTO as holding
[2026-06-12 14:27:25] Adding simple Rule-6 reference fields
[2026-06-12 14:47:06] Done.
{
  "collections": [
    {
      "collection_name": "_src_fiben_countries",
      "count": 250
    },
    {
      "collection_name": "_src_fiben_holdings",
      "count": 20844448
    },
    {
      "collection_name": "_src_fiben_industries",
      "count": 453
    },
    {
      "collection_name": "lmm_corporation",
      "count": 23241
    },
    {
      "collection_name": "lmm_disclosure",
      "count": 2081581
    },
    {
      "collection_name": "lmm_financial_report",
      "count": 483011
    },
    {
      "collection_name": "lmm_financial_service_account",
      "count": 3793531
    },
    {
      "collection_name": "lmm_listed_security",
      "count": 27451
    },
    {
      "collection_name": "lmm_person",
      "count": 1953901
    },
    {
      "collection_name": "lmm_report_element",
      "count": 81200841
    },
    {
      "collection_name": "lmm_security",
      "count": 27451
    },
    {
      "collection_name": "lmm_sell_transaction",
      "count": 19500001
    },
    {
      "collection_name": "lmm_statement_element",
      "count": 4437941
    },
    {
      "collection_name": "lmm_transaction",
      "count": 19500001
    }
  ],
  "embedding_status_counts": {
    "completed": 8,
    "failed: PlanExecutor error during aggregation :: caused by :: operation exceeded time limit, full error: {'ok': 0.0, 'errmsg': 'PlanExecutor error during aggregation :: caused by :: operation exceeded time limit', 'code': 50, 'codeName': 'MaxTimeMSExpired'}": 1
  },
  "max_rows_per_view": null,
  "n_collections": 14,
  "output_dir": "de_lima_mello_2015_implementation/results/fiben/materialization/sf10/lmm_fiben_sf10_source_full",
  "reference_status_counts": {
    "completed": 3,
    "skipped_bridge_reference": 1
  },
  "scale": "sf10",
  "skip_embeddings": false,
  "status": "completed",
  "target_database": "lmm_fiben_sf10_source_full",
  "target_db": "lmm_fiben_sf10_source_full"
}
