[2026-05-31 05:02:46] [INFO] === IMDb MongoDB query-plan runner started ===
[2026-05-31 05:02:46] [INFO] results_dir=/home/hudson/Documents/framework_test/imdb/query_plan_full_by_groups/group_C_roles_sf050
[2026-05-31 05:02:46] [INFO] query_plan_only=True explain_verbosity=executionStats
[2026-05-31 05:02:46] [INFO] force_rebuild_scale_db=True row_limit=None batch_size=100000
[2026-05-31 05:02:46] [INFO] scale_label_filter=['sf0.5'] config_name_filter=None query_name_filter=['QG4_AllPersonsOfTypeForWatchItem', 'QG5_AllPersonsForEpisodesOfSeries']
[2026-05-31 05:02:46] [INFO] Selected experiments: 9
[2026-05-31 05:02:46] [INFO] Saved selected experiments summary: /home/hudson/Documents/framework_test/imdb/query_plan_full_by_groups/group_C_roles_sf050/selected_experiments_summary.csv
[2026-05-31 05:02:46] [INFO]   - series_g7_sf0.5 | config=series_g7 | scale=sf0.5
[2026-05-31 05:02:46] [INFO]   - series_g8_sf0.5 | config=series_g8 | scale=sf0.5
[2026-05-31 05:02:46] [INFO]   - series_g9_sf0.5 | config=series_g9 | scale=sf0.5
[2026-05-31 05:02:46] [INFO]   - watchitem_g0_sf0.5 | config=watchitem_g0 | scale=sf0.5
[2026-05-31 05:02:46] [INFO]   - watchitem_g2_sf0.5 | config=watchitem_g2 | scale=sf0.5
[2026-05-31 05:02:46] [INFO]   - watchitem_g3_sf0.5 | config=watchitem_g3 | scale=sf0.5
[2026-05-31 05:02:46] [INFO]   - watchitem_g4_sf0.5 | config=watchitem_g4 | scale=sf0.5
[2026-05-31 05:02:46] [INFO]   - watchitem_g5_sf0.5 | config=watchitem_g5 | scale=sf0.5
[2026-05-31 05:02:46] [INFO]   - watchitem_g6_sf0.5 | config=watchitem_g6 | scale=sf0.5
[2026-05-31 05:02:46] [INFO] ######## START SCALE sf0.5 ########
[2026-05-31 05:02:46] [INFO] Opening DuckDB for sf0.5 from /home/hudson/Documents/framework_test/imdb/data/sf_050
[2026-05-31 05:02:46] [INFO] Creating DuckDB view imdb_name_basics
[2026-05-31 05:02:46] [INFO] Creating DuckDB view imdb_title_akas
[2026-05-31 05:02:46] [INFO] Creating DuckDB view imdb_title_basics
[2026-05-31 05:02:46] [INFO] Creating DuckDB view imdb_title_crew
[2026-05-31 05:02:46] [INFO] Creating DuckDB view imdb_title_episode
[2026-05-31 05:02:46] [INFO] Creating DuckDB view imdb_title_principals
[2026-05-31 05:02:46] [INFO] Creating DuckDB view imdb_title_ratings
[2026-05-31 05:02:46] [INFO] Building query parameter pool for sf0.5
[2026-05-31 05:03:04] [INFO] Parameter pool ready for sf0.5
[2026-05-31 05:03:04] [INFO] Minimal base-load decision: queries=['QG4_AllPersonsOfTypeForWatchItem', 'QG5_AllPersonsForEpisodesOfSeries'] load_persons=True load_roles=True load_episodes=True
[2026-05-31 05:03:04] [INFO] === INITIALIZING EXECUTION DB imdb_exec_sf0_5 ===
[2026-05-31 05:03:04] [INFO] Removing Mongo database: imdb_exec_sf0_5
[2026-05-31 05:03:04] [INFO] [materialize:persons] start
[2026-05-31 05:03:06] [INFO] [materialize:persons] batch=1 batch_docs=100000 total_inserted=100000
[2026-05-31 05:03:54] [INFO] [materialize:persons] batch=20 batch_docs=100000 total_inserted=2000000
[2026-05-31 05:04:51] [INFO] [materialize:persons] completed total_inserted=3685411
[2026-05-31 05:04:51] [INFO] [materialize:roles] start
[2026-05-31 05:05:09] [INFO] [materialize:roles] batch=1 batch_docs=100000 total_inserted=100000
[2026-05-31 05:11:04] [INFO] [materialize:roles] batch=20 batch_docs=100000 total_inserted=2000000
[2026-05-31 05:17:34] [INFO] [materialize:roles] batch=40 batch_docs=100000 total_inserted=4000000
[2026-05-31 05:23:57] [INFO] [materialize:roles] batch=60 batch_docs=100000 total_inserted=6000000
[2026-05-31 05:30:23] [INFO] [materialize:roles] batch=80 batch_docs=100000 total_inserted=8000000
[2026-05-31 05:36:51] [INFO] [materialize:roles] batch=100 batch_docs=100000 total_inserted=10000000
[2026-05-31 05:43:09] [INFO] [materialize:roles] batch=120 batch_docs=100000 total_inserted=12000000
[2026-05-31 05:49:33] [INFO] [materialize:roles] batch=140 batch_docs=100000 total_inserted=14000000
[2026-05-31 05:56:04] [INFO] [materialize:roles] batch=160 batch_docs=100000 total_inserted=16000000
[2026-05-31 06:02:44] [INFO] [materialize:roles] batch=180 batch_docs=100000 total_inserted=18000000
[2026-05-31 06:09:24] [INFO] [materialize:roles] batch=200 batch_docs=100000 total_inserted=20000000
[2026-05-31 06:15:57] [INFO] [materialize:roles] batch=220 batch_docs=100000 total_inserted=22000000
[2026-05-31 06:22:42] [INFO] [materialize:roles] batch=240 batch_docs=100000 total_inserted=24000000
[2026-05-31 06:29:19] [INFO] [materialize:roles] batch=260 batch_docs=100000 total_inserted=26000000
[2026-05-31 06:36:16] [INFO] [materialize:roles] batch=280 batch_docs=100000 total_inserted=28000000
[2026-05-31 06:43:12] [INFO] [materialize:roles] batch=300 batch_docs=100000 total_inserted=30000000
[2026-05-31 06:53:57] [INFO] [materialize:roles] completed total_inserted=31833185
[2026-05-31 06:53:57] [INFO] [materialize:episodes] start
[2026-05-31 06:54:03] [INFO] [materialize:episodes] batch=1 batch_docs=100000 total_inserted=100000
[2026-05-31 06:55:44] [INFO] [materialize:episodes] batch=20 batch_docs=100000 total_inserted=2000000
[2026-05-31 06:57:34] [INFO] [materialize:episodes] batch=40 batch_docs=100000 total_inserted=4000000
[2026-05-31 06:58:28] [INFO] [materialize:episodes] completed total_inserted=4589137
[2026-05-31 06:58:28] [INFO] [replace:watchitems] start config=watchitem_g0
[2026-05-31 06:58:39] [INFO] [materialize:watchitems] batch=1 batch_docs=100000 total_inserted=100000
[2026-05-31 07:02:25] [INFO] [materialize:watchitems] batch=20 batch_docs=100000 total_inserted=2000000
[2026-05-31 07:06:22] [INFO] [materialize:watchitems] batch=40 batch_docs=100000 total_inserted=4000000
[2026-05-31 07:10:24] [INFO] [materialize:watchitems] batch=60 batch_docs=100000 total_inserted=6000000
[2026-05-31 07:12:45] [INFO] [replace:watchitems] completed config=watchitem_g0 total_inserted=6067595
[2026-05-31 07:12:45] [INFO] [replace:series] start config=series_g7
[2026-05-31 07:15:20] [INFO] [materialize:series] batch=1 batch_docs=100000 total_inserted=100000
[2026-05-31 07:17:24] [INFO] [replace:series] completed config=series_g7 total_inserted=230194
[2026-05-31 07:17:24] [INFO] === EXECUTION DB READY imdb_exec_sf0_5 persons=3685411 roles=31833185 episodes=4589137 watchitems=6067595 series=230194 ===
[2026-05-31 07:17:24] [INFO] === QUERY PLAN START experiment_id=watchitem_g0_sf0.5 execution_db=imdb_exec_sf0_5 ===
[2026-05-31 07:17:24] [INFO] Explain plan rows for watchitem_g0_sf0.5: 2
[2026-05-31 07:17:24] [INFO] [explain-progress] experiment=watchitem_g0_sf0.5 row=1/2 query=QG4_AllPersonsOfTypeForWatchItem group=primary rep=1
[2026-05-31 07:17:24] [INFO] === QUERY PLAN COMPLETED experiment_id=watchitem_g0_sf0.5 rows=2 components=5 ===
[2026-05-31 07:17:24] [INFO] [replace:watchitems] start config=watchitem_g2
[2026-05-31 07:17:36] [INFO] [materialize:watchitems] batch=1 batch_docs=100000 total_inserted=100000
[2026-05-31 07:21:29] [INFO] [materialize:watchitems] batch=20 batch_docs=100000 total_inserted=2000000
[2026-05-31 07:25:38] [INFO] [materialize:watchitems] batch=40 batch_docs=100000 total_inserted=4000000
[2026-05-31 07:29:54] [INFO] [materialize:watchitems] batch=60 batch_docs=100000 total_inserted=6000000
[2026-05-31 07:32:16] [INFO] [replace:watchitems] completed config=watchitem_g2 total_inserted=6067595
[2026-05-31 07:32:16] [INFO] === QUERY PLAN START experiment_id=watchitem_g2_sf0.5 execution_db=imdb_exec_sf0_5 ===
[2026-05-31 07:32:16] [INFO] Explain plan rows for watchitem_g2_sf0.5: 2
[2026-05-31 07:32:16] [INFO] [explain-progress] experiment=watchitem_g2_sf0.5 row=1/2 query=QG4_AllPersonsOfTypeForWatchItem group=secondary_affected rep=1
[2026-05-31 07:32:16] [INFO] === QUERY PLAN COMPLETED experiment_id=watchitem_g2_sf0.5 rows=2 components=5 ===
[2026-05-31 07:32:16] [INFO] [replace:watchitems] start config=watchitem_g3
[2026-05-31 07:32:28] [INFO] [materialize:watchitems] batch=1 batch_docs=100000 total_inserted=100000
[2026-05-31 07:36:24] [INFO] [materialize:watchitems] batch=20 batch_docs=100000 total_inserted=2000000
[2026-05-31 07:40:41] [INFO] [materialize:watchitems] batch=40 batch_docs=100000 total_inserted=4000000
[2026-05-31 07:45:00] [INFO] [materialize:watchitems] batch=60 batch_docs=100000 total_inserted=6000000
[2026-05-31 07:47:23] [INFO] [replace:watchitems] completed config=watchitem_g3 total_inserted=6067595
[2026-05-31 07:47:23] [INFO] === QUERY PLAN START experiment_id=watchitem_g3_sf0.5 execution_db=imdb_exec_sf0_5 ===
[2026-05-31 07:47:23] [INFO] Explain plan rows for watchitem_g3_sf0.5: 2
[2026-05-31 07:47:23] [INFO] [explain-progress] experiment=watchitem_g3_sf0.5 row=1/2 query=QG4_AllPersonsOfTypeForWatchItem group=secondary_affected rep=1
[2026-05-31 07:47:23] [INFO] === QUERY PLAN COMPLETED experiment_id=watchitem_g3_sf0.5 rows=2 components=5 ===
[2026-05-31 07:47:23] [INFO] [replace:watchitems] start config=watchitem_g4
[2026-05-31 07:48:56] [INFO] [materialize:watchitems] batch=1 batch_docs=100000 total_inserted=100000
[2026-05-31 08:10:34] [INFO] [materialize:watchitems] batch=20 batch_docs=100000 total_inserted=2000000
[2026-05-31 08:30:46] [INFO] [materialize:watchitems] batch=40 batch_docs=100000 total_inserted=4000000
[2026-05-31 08:37:13] [INFO] [materialize:watchitems] batch=60 batch_docs=100000 total_inserted=6000000
[2026-05-31 08:39:46] [INFO] [replace:watchitems] completed config=watchitem_g4 total_inserted=6067595
[2026-05-31 08:39:46] [INFO] === QUERY PLAN START experiment_id=watchitem_g4_sf0.5 execution_db=imdb_exec_sf0_5 ===
[2026-05-31 08:39:46] [INFO] Explain plan rows for watchitem_g4_sf0.5: 2
[2026-05-31 08:39:46] [INFO] [explain-progress] experiment=watchitem_g4_sf0.5 row=1/2 query=QG4_AllPersonsOfTypeForWatchItem group=primary rep=1
[2026-05-31 08:39:46] [INFO] === QUERY PLAN COMPLETED experiment_id=watchitem_g4_sf0.5 rows=2 components=5 ===
[2026-05-31 08:39:46] [INFO] [replace:watchitems] start config=watchitem_g5
[2026-05-31 08:41:47] [INFO] [materialize:watchitems] batch=1 batch_docs=100000 total_inserted=100000
[2026-05-31 09:08:43] [INFO] [materialize:watchitems] batch=20 batch_docs=100000 total_inserted=2000000
[2026-05-31 09:34:02] [INFO] [materialize:watchitems] batch=40 batch_docs=100000 total_inserted=4000000
[2026-05-31 09:40:31] [INFO] [materialize:watchitems] batch=60 batch_docs=100000 total_inserted=6000000
[2026-05-31 09:43:09] [INFO] [replace:watchitems] completed config=watchitem_g5 total_inserted=6067595
[2026-05-31 09:43:09] [INFO] === QUERY PLAN START experiment_id=watchitem_g5_sf0.5 execution_db=imdb_exec_sf0_5 ===
[2026-05-31 09:43:09] [INFO] Explain plan rows for watchitem_g5_sf0.5: 2
[2026-05-31 09:43:09] [INFO] [explain-progress] experiment=watchitem_g5_sf0.5 row=1/2 query=QG4_AllPersonsOfTypeForWatchItem group=primary rep=1
[2026-05-31 09:43:09] [INFO] === QUERY PLAN COMPLETED experiment_id=watchitem_g5_sf0.5 rows=2 components=3 ===
[2026-05-31 09:43:09] [INFO] [replace:watchitems] start config=watchitem_g6
[2026-05-31 09:45:11] [INFO] [materialize:watchitems] batch=1 batch_docs=100000 total_inserted=100000
[2026-05-31 10:12:10] [INFO] [materialize:watchitems] batch=20 batch_docs=100000 total_inserted=2000000
[2026-05-31 10:37:25] [INFO] [materialize:watchitems] batch=40 batch_docs=100000 total_inserted=4000000
[2026-05-31 10:43:50] [INFO] [materialize:watchitems] batch=60 batch_docs=100000 total_inserted=6000000
[2026-05-31 10:46:31] [INFO] [replace:watchitems] completed config=watchitem_g6 total_inserted=6067595
[2026-05-31 10:46:31] [INFO] === QUERY PLAN START experiment_id=watchitem_g6_sf0.5 execution_db=imdb_exec_sf0_5 ===
[2026-05-31 10:46:31] [INFO] Explain plan rows for watchitem_g6_sf0.5: 2
[2026-05-31 10:46:31] [INFO] [explain-progress] experiment=watchitem_g6_sf0.5 row=1/2 query=QG4_AllPersonsOfTypeForWatchItem group=primary rep=1
[2026-05-31 10:46:31] [INFO] === QUERY PLAN COMPLETED experiment_id=watchitem_g6_sf0.5 rows=2 components=3 ===
[2026-05-31 10:46:31] [INFO] [replace:watchitems] start config=watchitem_g0
[2026-05-31 10:46:41] [INFO] [materialize:watchitems] batch=1 batch_docs=100000 total_inserted=100000
[2026-05-31 10:50:22] [INFO] [materialize:watchitems] batch=20 batch_docs=100000 total_inserted=2000000
[2026-05-31 10:54:21] [INFO] [materialize:watchitems] batch=40 batch_docs=100000 total_inserted=4000000
[2026-05-31 10:58:24] [INFO] [materialize:watchitems] batch=60 batch_docs=100000 total_inserted=6000000
[2026-05-31 11:00:45] [INFO] [replace:watchitems] completed config=watchitem_g0 total_inserted=6067595
[2026-05-31 11:00:45] [INFO] === QUERY PLAN START experiment_id=series_g7_sf0.5 execution_db=imdb_exec_sf0_5 ===
[2026-05-31 11:00:45] [INFO] Explain plan rows for series_g7_sf0.5: 2
[2026-05-31 11:00:45] [INFO] [explain-progress] experiment=series_g7_sf0.5 row=1/2 query=QG4_AllPersonsOfTypeForWatchItem group=control rep=1
[2026-05-31 11:00:45] [INFO] === QUERY PLAN COMPLETED experiment_id=series_g7_sf0.5 rows=2 components=5 ===
[2026-05-31 11:00:45] [INFO] [replace:series] start config=series_g8
[2026-05-31 11:03:23] [INFO] [materialize:series] batch=1 batch_docs=100000 total_inserted=100000
[2026-05-31 11:05:30] [INFO] [replace:series] completed config=series_g8 total_inserted=230194
[2026-05-31 11:05:30] [INFO] === QUERY PLAN START experiment_id=series_g8_sf0.5 execution_db=imdb_exec_sf0_5 ===
[2026-05-31 11:05:30] [INFO] Explain plan rows for series_g8_sf0.5: 2
[2026-05-31 11:05:30] [INFO] [explain-progress] experiment=series_g8_sf0.5 row=1/2 query=QG4_AllPersonsOfTypeForWatchItem group=control rep=1
[2026-05-31 11:05:30] [INFO] === QUERY PLAN COMPLETED experiment_id=series_g8_sf0.5 rows=2 components=5 ===
[2026-05-31 11:05:30] [INFO] [replace:series] start config=series_g9
[2026-05-31 11:08:10] [INFO] [materialize:series] batch=1 batch_docs=100000 total_inserted=100000
[2026-05-31 11:10:18] [INFO] [replace:series] completed config=series_g9 total_inserted=230194
[2026-05-31 11:10:18] [INFO] === QUERY PLAN START experiment_id=series_g9_sf0.5 execution_db=imdb_exec_sf0_5 ===
[2026-05-31 11:10:18] [INFO] Explain plan rows for series_g9_sf0.5: 2
[2026-05-31 11:10:18] [INFO] [explain-progress] experiment=series_g9_sf0.5 row=1/2 query=QG4_AllPersonsOfTypeForWatchItem group=control rep=1
[2026-05-31 11:10:18] [INFO] === QUERY PLAN COMPLETED experiment_id=series_g9_sf0.5 rows=2 components=5 ===
[2026-05-31 11:10:18] [INFO] ######## COMPLETED SCALE sf0.5 ########
[2026-05-31 11:10:18] [INFO] Saved initialization summary: /home/hudson/Documents/framework_test/imdb/query_plan_full_by_groups/group_C_roles_sf050/scale_db_initialization_summary.csv
[2026-05-31 11:10:18] [INFO] Saved collection swap summary: /home/hudson/Documents/framework_test/imdb/query_plan_full_by_groups/group_C_roles_sf050/collection_swap_summary.csv
[2026-05-31 11:10:18] [INFO] Saved query plan summary results: /home/hudson/Documents/framework_test/imdb/query_plan_full_by_groups/group_C_roles_sf050/query_plan_summary_results.csv
[2026-05-31 11:10:18] [INFO] Saved query plan status summary: /home/hudson/Documents/framework_test/imdb/query_plan_full_by_groups/group_C_roles_sf050/query_plan_status_summary.csv
[2026-05-31 11:10:18] [INFO] No failed query-plan rows detected.
[2026-05-31 11:10:18] [INFO] Saved query plan component results: /home/hudson/Documents/framework_test/imdb/query_plan_full_by_groups/group_C_roles_sf050/query_plan_component_results.csv
[2026-05-31 11:10:18] [INFO] Saved run manifest: /home/hudson/Documents/framework_test/imdb/query_plan_full_by_groups/group_C_roles_sf050/benchmark_run_manifest.json
[2026-05-31 11:10:18] [INFO] Done. Results in: /home/hudson/Documents/framework_test/imdb/query_plan_full_by_groups/group_C_roles_sf050
