[2026-06-01 18:20:51] [INFO] === IMDb MongoDB query-plan runner started ===
[2026-06-01 18:20:51] [INFO] results_dir=<LOCAL_PROJECT_ROOT>/imdb/query_plan_full_by_groups/group_C_roles_sf1_assoc_only
[2026-06-01 18:20:51] [INFO] query_plan_only=True explain_verbosity=executionStats
[2026-06-01 18:20:51] [INFO] force_rebuild_scale_db=True row_limit=None batch_size=50000
[2026-06-01 18:20:51] [INFO] scale_label_filter=['sf1'] config_name_filter=['watchitem_g4', 'watchitem_g5', 'watchitem_g6'] query_name_filter=['QG4_AllPersonsOfTypeForWatchItem', 'QG5_AllPersonsForEpisodesOfSeries']
[2026-06-01 18:20:51] [INFO] Selected experiments: 3
[2026-06-01 18:20:51] [INFO] Saved selected experiments summary: <LOCAL_PROJECT_ROOT>/imdb/query_plan_full_by_groups/group_C_roles_sf1_assoc_only/selected_experiments_summary.csv
[2026-06-01 18:20:51] [INFO]   - watchitem_g4_sf1 | config=watchitem_g4 | scale=sf1
[2026-06-01 18:20:51] [INFO]   - watchitem_g5_sf1 | config=watchitem_g5 | scale=sf1
[2026-06-01 18:20:51] [INFO]   - watchitem_g6_sf1 | config=watchitem_g6 | scale=sf1
[2026-06-01 18:20:51] [INFO] ######## START SCALE sf1 ########
[2026-06-01 18:20:51] [INFO] Opening DuckDB for sf1 from <LOCAL_PROJECT_ROOT>/imdb/data/sf_1
[2026-06-01 18:20:51] [INFO] Creating DuckDB view imdb_name_basics
[2026-06-01 18:20:51] [INFO] Creating DuckDB view imdb_title_akas
[2026-06-01 18:20:51] [INFO] Creating DuckDB view imdb_title_basics
[2026-06-01 18:20:51] [INFO] Creating DuckDB view imdb_title_crew
[2026-06-01 18:20:51] [INFO] Creating DuckDB view imdb_title_episode
[2026-06-01 18:20:51] [INFO] Creating DuckDB view imdb_title_principals
[2026-06-01 18:20:51] [INFO] Creating DuckDB view imdb_title_ratings
[2026-06-01 18:20:51] [INFO] Building query parameter pool for sf1
[2026-06-01 18:21:27] [INFO] Parameter pool ready for sf1
[2026-06-01 18:21:27] [INFO] Minimal base-load decision: queries=['QG4_AllPersonsOfTypeForWatchItem', 'QG5_AllPersonsForEpisodesOfSeries'] load_persons=False load_roles=False load_episodes=False
[2026-06-01 18:21:27] [INFO] === INITIALIZING EXECUTION DB imdb_exec_sf1 ===
[2026-06-01 18:21:27] [INFO] Removing Mongo database: imdb_exec_sf1
[2026-06-01 18:21:27] [INFO] [materialize:persons] skipped by minimal/skip-load option
[2026-06-01 18:21:27] [INFO] [materialize:roles] skipped by minimal/skip-load option
[2026-06-01 18:21:27] [INFO] [materialize:episodes] skipped by minimal/skip-load option
[2026-06-01 18:21:27] [INFO] [replace:watchitems] start config=watchitem_g0
[2026-06-01 18:21:39] [INFO] [materialize:watchitems] batch=1 batch_docs=50000 total_inserted=50000
[2026-06-01 18:25:18] [INFO] [materialize:watchitems] batch=20 batch_docs=50000 total_inserted=1000000
[2026-06-01 18:29:18] [INFO] [materialize:watchitems] batch=40 batch_docs=50000 total_inserted=2000000
[2026-06-01 18:33:17] [INFO] [materialize:watchitems] batch=60 batch_docs=50000 total_inserted=3000000
[2026-06-01 18:37:20] [INFO] [materialize:watchitems] batch=80 batch_docs=50000 total_inserted=4000000
[2026-06-01 18:41:23] [INFO] [materialize:watchitems] batch=100 batch_docs=50000 total_inserted=5000000
[2026-06-01 18:45:30] [INFO] [materialize:watchitems] batch=120 batch_docs=50000 total_inserted=6000000
[2026-06-01 18:49:36] [INFO] [materialize:watchitems] batch=140 batch_docs=50000 total_inserted=7000000
[2026-06-01 18:53:45] [INFO] [materialize:watchitems] batch=160 batch_docs=50000 total_inserted=8000000
[2026-06-01 18:57:55] [INFO] [materialize:watchitems] batch=180 batch_docs=50000 total_inserted=9000000
[2026-06-01 19:02:01] [INFO] [materialize:watchitems] batch=200 batch_docs=50000 total_inserted=10000000
[2026-06-01 19:06:16] [INFO] [materialize:watchitems] batch=220 batch_docs=50000 total_inserted=11000000
[2026-06-01 19:14:33] [INFO] [replace:watchitems] completed config=watchitem_g0 total_inserted=11918372
[2026-06-01 19:14:33] [INFO] [replace:series] start config=series_g7
[2026-06-01 19:17:45] [INFO] [materialize:series] batch=1 batch_docs=50000 total_inserted=50000
[2026-06-01 19:24:11] [INFO] [replace:series] completed config=series_g7 total_inserted=287707
[2026-06-01 19:24:11] [INFO] === EXECUTION DB READY imdb_exec_sf1 persons=0 roles=0 episodes=0 watchitems=11918372 series=287707 ===
[2026-06-01 19:24:11] [INFO] [replace:watchitems] start config=watchitem_g4
[2026-06-01 19:25:15] [INFO] [materialize:watchitems] batch=1 batch_docs=50000 total_inserted=50000
[2026-06-01 19:43:53] [INFO] [materialize:watchitems] batch=20 batch_docs=50000 total_inserted=1000000
[2026-06-01 20:00:44] [INFO] [materialize:watchitems] batch=40 batch_docs=50000 total_inserted=2000000
[2026-06-01 20:15:56] [INFO] [materialize:watchitems] batch=60 batch_docs=50000 total_inserted=3000000
[2026-06-01 20:31:36] [INFO] [materialize:watchitems] batch=80 batch_docs=50000 total_inserted=4000000
[2026-06-01 20:46:45] [INFO] [materialize:watchitems] batch=100 batch_docs=50000 total_inserted=5000000
[2026-06-01 21:02:38] [INFO] [materialize:watchitems] batch=120 batch_docs=50000 total_inserted=6000000
[2026-06-01 21:18:42] [INFO] [materialize:watchitems] batch=140 batch_docs=50000 total_inserted=7000000
[2026-06-01 21:32:13] [INFO] [materialize:watchitems] batch=160 batch_docs=50000 total_inserted=8000000
[2026-06-01 21:40:34] [INFO] [materialize:watchitems] batch=180 batch_docs=50000 total_inserted=9000000
[2026-06-01 21:49:01] [INFO] [materialize:watchitems] batch=200 batch_docs=50000 total_inserted=10000000
[2026-06-01 21:57:31] [INFO] [materialize:watchitems] batch=220 batch_docs=50000 total_inserted=11000000
[2026-06-01 22:10:06] [INFO] [replace:watchitems] completed config=watchitem_g4 total_inserted=11918372
[2026-06-01 22:10:06] [INFO] === QUERY PLAN START experiment_id=watchitem_g4_sf1 execution_db=imdb_exec_sf1 ===
[2026-06-01 22:10:06] [INFO] Explain plan rows for watchitem_g4_sf1: 2
[2026-06-01 22:10:06] [INFO] [explain-progress] experiment=watchitem_g4_sf1 row=1/2 query=QG4_AllPersonsOfTypeForWatchItem group=primary rep=1
[2026-06-01 22:10:06] [INFO] === QUERY PLAN COMPLETED experiment_id=watchitem_g4_sf1 rows=2 components=3 ===
[2026-06-01 22:10:06] [INFO] [replace:watchitems] start config=watchitem_g5
[2026-06-01 22:11:18] [INFO] [materialize:watchitems] batch=1 batch_docs=50000 total_inserted=50000
[2026-06-01 22:34:12] [INFO] [materialize:watchitems] batch=20 batch_docs=50000 total_inserted=1000000
[2026-06-01 22:53:53] [INFO] [materialize:watchitems] batch=40 batch_docs=50000 total_inserted=2000000
[2026-06-01 23:11:50] [INFO] [materialize:watchitems] batch=60 batch_docs=50000 total_inserted=3000000
[2026-06-01 23:30:22] [INFO] [materialize:watchitems] batch=80 batch_docs=50000 total_inserted=4000000
[2026-06-01 23:48:35] [INFO] [materialize:watchitems] batch=100 batch_docs=50000 total_inserted=5000000
[2026-06-02 00:07:27] [INFO] [materialize:watchitems] batch=120 batch_docs=50000 total_inserted=6000000
[2026-06-02 00:26:33] [INFO] [materialize:watchitems] batch=140 batch_docs=50000 total_inserted=7000000
[2026-06-02 00:42:10] [INFO] [materialize:watchitems] batch=160 batch_docs=50000 total_inserted=8000000
[2026-06-02 00:50:39] [INFO] [materialize:watchitems] batch=180 batch_docs=50000 total_inserted=9000000
[2026-06-02 00:59:05] [INFO] [materialize:watchitems] batch=200 batch_docs=50000 total_inserted=10000000
[2026-06-02 01:07:40] [INFO] [materialize:watchitems] batch=220 batch_docs=50000 total_inserted=11000000
[2026-06-02 01:20:34] [INFO] [replace:watchitems] completed config=watchitem_g5 total_inserted=11918372
[2026-06-02 01:20:34] [INFO] === QUERY PLAN START experiment_id=watchitem_g5_sf1 execution_db=imdb_exec_sf1 ===
[2026-06-02 01:20:34] [INFO] Explain plan rows for watchitem_g5_sf1: 2
[2026-06-02 01:20:34] [INFO] [explain-progress] experiment=watchitem_g5_sf1 row=1/2 query=QG4_AllPersonsOfTypeForWatchItem group=primary rep=1
[2026-06-02 01:20:34] [INFO] === QUERY PLAN COMPLETED experiment_id=watchitem_g5_sf1 rows=2 components=2 ===
[2026-06-02 01:20:34] [INFO] [replace:watchitems] start config=watchitem_g6
[2026-06-02 01:21:47] [INFO] [materialize:watchitems] batch=1 batch_docs=50000 total_inserted=50000
[2026-06-02 01:44:41] [INFO] [materialize:watchitems] batch=20 batch_docs=50000 total_inserted=1000000
[2026-06-02 02:04:21] [INFO] [materialize:watchitems] batch=40 batch_docs=50000 total_inserted=2000000
[2026-06-02 02:22:26] [INFO] [materialize:watchitems] batch=60 batch_docs=50000 total_inserted=3000000
[2026-06-02 02:40:59] [INFO] [materialize:watchitems] batch=80 batch_docs=50000 total_inserted=4000000
[2026-06-02 02:59:03] [INFO] [materialize:watchitems] batch=100 batch_docs=50000 total_inserted=5000000
[2026-06-02 03:18:02] [INFO] [materialize:watchitems] batch=120 batch_docs=50000 total_inserted=6000000
[2026-06-02 03:37:00] [INFO] [materialize:watchitems] batch=140 batch_docs=50000 total_inserted=7000000
[2026-06-02 03:52:37] [INFO] [materialize:watchitems] batch=160 batch_docs=50000 total_inserted=8000000
[2026-06-02 04:01:06] [INFO] [materialize:watchitems] batch=180 batch_docs=50000 total_inserted=9000000
[2026-06-02 04:09:32] [INFO] [materialize:watchitems] batch=200 batch_docs=50000 total_inserted=10000000
[2026-06-02 04:18:01] [INFO] [materialize:watchitems] batch=220 batch_docs=50000 total_inserted=11000000
[2026-06-02 04:31:05] [INFO] [replace:watchitems] completed config=watchitem_g6 total_inserted=11918372
[2026-06-02 04:31:05] [INFO] === QUERY PLAN START experiment_id=watchitem_g6_sf1 execution_db=imdb_exec_sf1 ===
[2026-06-02 04:31:05] [INFO] Explain plan rows for watchitem_g6_sf1: 2
[2026-06-02 04:31:05] [INFO] [explain-progress] experiment=watchitem_g6_sf1 row=1/2 query=QG4_AllPersonsOfTypeForWatchItem group=primary rep=1
[2026-06-02 04:31:05] [INFO] === QUERY PLAN COMPLETED experiment_id=watchitem_g6_sf1 rows=2 components=2 ===
[2026-06-02 04:31:05] [INFO] ######## COMPLETED SCALE sf1 ########
[2026-06-02 04:31:05] [INFO] Saved initialization summary: <LOCAL_PROJECT_ROOT>/imdb/query_plan_full_by_groups/group_C_roles_sf1_assoc_only/scale_db_initialization_summary.csv
[2026-06-02 04:31:05] [INFO] Saved collection swap summary: <LOCAL_PROJECT_ROOT>/imdb/query_plan_full_by_groups/group_C_roles_sf1_assoc_only/collection_swap_summary.csv
[2026-06-02 04:31:05] [INFO] Saved query plan summary results: <LOCAL_PROJECT_ROOT>/imdb/query_plan_full_by_groups/group_C_roles_sf1_assoc_only/query_plan_summary_results.csv
[2026-06-02 04:31:05] [INFO] Saved query plan status summary: <LOCAL_PROJECT_ROOT>/imdb/query_plan_full_by_groups/group_C_roles_sf1_assoc_only/query_plan_status_summary.csv
[2026-06-02 04:31:05] [INFO] No failed query-plan rows detected.
[2026-06-02 04:31:05] [WARN] Saved zero-returned read query-plan rows for inspection: <LOCAL_PROJECT_ROOT>/imdb/query_plan_full_by_groups/group_C_roles_sf1_assoc_only/query_plan_zero_returned_rows.csv
[2026-06-02 04:31:05] [INFO] Saved query plan component results: <LOCAL_PROJECT_ROOT>/imdb/query_plan_full_by_groups/group_C_roles_sf1_assoc_only/query_plan_component_results.csv
[2026-06-02 04:31:05] [INFO] Saved run manifest: <LOCAL_PROJECT_ROOT>/imdb/query_plan_full_by_groups/group_C_roles_sf1_assoc_only/benchmark_run_manifest.json
[2026-06-02 04:31:05] [INFO] Done. Results in: <LOCAL_PROJECT_ROOT>/imdb/query_plan_full_by_groups/group_C_roles_sf1_assoc_only
